  [1m[35m (0.1ms)[0m  [1m[34mSELECT sqlite_version(*)[0m
  ↳ bin/rails:9
  [1m[35m (20.6ms)[0m  [1m[35mCREATE TABLE "schema_migrations" ("version" varchar NOT NULL PRIMARY KEY)[0m
  ↳ bin/rails:9
  [1m[35m (14.5ms)[0m  [1m[35mCREATE TABLE "ar_internal_metadata" ("key" varchar NOT NULL PRIMARY KEY, "value" varchar, "created_at" datetime NOT NULL, "updated_at" datetime NOT NULL)[0m
  ↳ bin/rails:9
  [1m[35m (0.2ms)[0m  [1m[34mSELECT "schema_migrations"."version" FROM "schema_migrations" ORDER BY "schema_migrations"."version" ASC[0m
  ↳ bin/rails:9
Migrating to CreateApplications (20190723195338)
  [1m[35m (0.1ms)[0m  [1m[36mbegin transaction[0m
  ↳ bin/rails:9
  [1m[35m (0.3ms)[0m  [1m[35mCREATE TABLE "applications" ("id" integer PRIMARY KEY AUTOINCREMENT NOT NULL, "name" varchar, "author" varchar, "major" integer, "minor" integer, "patch" integer, "created_at" datetime NOT NULL, "updated_at" datetime NOT NULL)[0m
  ↳ db/migrate/20190723195338_create_applications.rb:3
  [1m[36mActiveRecord::SchemaMigration Create (0.2ms)[0m  [1m[32mINSERT INTO "schema_migrations" ("version") VALUES (?)[0m  [["version", "20190723195338"]]
  ↳ bin/rails:9
  [1m[35m (13.7ms)[0m  [1m[36mcommit transaction[0m
  ↳ bin/rails:9
  [1m[36mActiveRecord::InternalMetadata Load (0.2ms)[0m  [1m[34mSELECT  "ar_internal_metadata".* FROM "ar_internal_metadata" WHERE "ar_internal_metadata"."key" = ? LIMIT ?[0m  [["key", "environment"], ["LIMIT", 1]]
  ↳ bin/rails:9
  [1m[35m (0.1ms)[0m  [1m[36mbegin transaction[0m
  ↳ bin/rails:9
  [1m[36mActiveRecord::InternalMetadata Create (0.4ms)[0m  [1m[32mINSERT INTO "ar_internal_metadata" ("key", "value", "created_at", "updated_at") VALUES (?, ?, ?, ?)[0m  [["key", "environment"], ["value", "development"], ["created_at", "2019-07-23 19:54:25.427278"], ["updated_at", "2019-07-23 19:54:25.427278"]]
  ↳ bin/rails:9
  [1m[35m (11.1ms)[0m  [1m[36mcommit transaction[0m
  ↳ bin/rails:9
  [1m[35m (0.1ms)[0m  [1m[34mSELECT "schema_migrations"."version" FROM "schema_migrations" ORDER BY "schema_migrations"."version" ASC[0m
  ↳ bin/rails:9
  [1m[35m (0.1ms)[0m  [1m[34mSELECT "schema_migrations"."version" FROM "schema_migrations" ORDER BY "schema_migrations"."version" ASC[0m
  ↳ bin/rails:9
  [1m[35m (0.1ms)[0m  [1m[34mSELECT "ar_internal_metadata"."value" FROM "ar_internal_metadata" WHERE "ar_internal_metadata"."key" = ?[0m  [["key", "environment"]]
  ↳ bin/rails:9
  [1m[35m (0.0ms)[0m  [1m[34mSELECT "schema_migrations"."version" FROM "schema_migrations" ORDER BY "schema_migrations"."version" ASC[0m
  ↳ bin/rails:9
  [1m[35m (0.1ms)[0m  [1m[34mSELECT "ar_internal_metadata"."value" FROM "ar_internal_metadata" WHERE "ar_internal_metadata"."key" = ?[0m  [["key", "environment"]]
  ↳ bin/rails:9
  [1m[35m (0.0ms)[0m  [1m[34mSELECT "schema_migrations"."version" FROM "schema_migrations" ORDER BY "schema_migrations"."version" ASC[0m
  ↳ bin/rails:9
  [1m[35m (0.1ms)[0m  [1m[34mSELECT "ar_internal_metadata"."value" FROM "ar_internal_metadata" WHERE "ar_internal_metadata"."key" = ?[0m  [["key", "environment"]]
  ↳ bin/rails:9
  [1m[35m (0.1ms)[0m  [1m[34mSELECT sqlite_version(*)[0m
  ↳ bin/rails:9
  [1m[35m (11.4ms)[0m  [1m[35mCREATE TABLE "schema_migrations" ("version" varchar NOT NULL PRIMARY KEY)[0m
  ↳ bin/rails:9
  [1m[35m (15.6ms)[0m  [1m[35mCREATE TABLE "ar_internal_metadata" ("key" varchar NOT NULL PRIMARY KEY, "value" varchar, "created_at" datetime NOT NULL, "updated_at" datetime NOT NULL)[0m
  ↳ bin/rails:9
  [1m[35m (0.1ms)[0m  [1m[34mSELECT "schema_migrations"."version" FROM "schema_migrations" ORDER BY "schema_migrations"."version" ASC[0m
  ↳ bin/rails:9
Migrating to CreateApplications (20190723195928)
  [1m[35m (0.1ms)[0m  [1m[36mbegin transaction[0m
  ↳ bin/rails:9
  [1m[35m (0.3ms)[0m  [1m[35mCREATE TABLE "applications" ("id" integer PRIMARY KEY AUTOINCREMENT NOT NULL, "name" varchar, "author" varchar, "version" varchar, "created_at" datetime NOT NULL, "updated_at" datetime NOT NULL)[0m
  ↳ db/migrate/20190723195928_create_applications.rb:3
  [1m[36mActiveRecord::SchemaMigration Create (0.2ms)[0m  [1m[32mINSERT INTO "schema_migrations" ("version") VALUES (?)[0m  [["version", "20190723195928"]]
  ↳ bin/rails:9
  [1m[35m (14.9ms)[0m  [1m[36mcommit transaction[0m
  ↳ bin/rails:9
  [1m[36mActiveRecord::InternalMetadata Load (0.1ms)[0m  [1m[34mSELECT  "ar_internal_metadata".* FROM "ar_internal_metadata" WHERE "ar_internal_metadata"."key" = ? LIMIT ?[0m  [["key", "environment"], ["LIMIT", 1]]
  ↳ bin/rails:9
  [1m[35m (0.0ms)[0m  [1m[36mbegin transaction[0m
  ↳ bin/rails:9
  [1m[36mActiveRecord::InternalMetadata Create (0.2ms)[0m  [1m[32mINSERT INTO "ar_internal_metadata" ("key", "value", "created_at", "updated_at") VALUES (?, ?, ?, ?)[0m  [["key", "environment"], ["value", "development"], ["created_at", "2019-07-23 19:59:42.221565"], ["updated_at", "2019-07-23 19:59:42.221565"]]
  ↳ bin/rails:9
  [1m[35m (14.1ms)[0m  [1m[36mcommit transaction[0m
  ↳ bin/rails:9
  [1m[35m (0.1ms)[0m  [1m[34mSELECT "schema_migrations"."version" FROM "schema_migrations" ORDER BY "schema_migrations"."version" ASC[0m
  ↳ bin/rails:9
  [1m[35m (0.1ms)[0m  [1m[34mSELECT "schema_migrations"."version" FROM "schema_migrations" ORDER BY "schema_migrations"."version" ASC[0m
  ↳ bin/rails:9
  [1m[36mApplication Destroy (12.9ms)[0m  [1m[31mDELETE FROM "applications"[0m
  ↳ db/seeds.rb:8
  [1m[35m (0.0ms)[0m  [1m[36mbegin transaction[0m
  ↳ db/seeds.rb:11
  [1m[36mApplication Create (0.2ms)[0m  [1m[32mINSERT INTO "applications" ("name", "author", "version", "created_at", "updated_at") VALUES (?, ?, ?, ?, ?)[0m  [["name", "Flexidy"], ["author", "Waters, Gleason and Oberbrunner"], ["version", "6.8.8"], ["created_at", "2019-07-23 20:03:42.285629"], ["updated_at", "2019-07-23 20:03:42.285629"]]
  ↳ db/seeds.rb:11
  [1m[35m (13.5ms)[0m  [1m[36mcommit transaction[0m
  ↳ db/seeds.rb:11
  [1m[35m (0.1ms)[0m  [1m[36mbegin transaction[0m
  ↳ db/seeds.rb:11
  [1m[36mApplication Create (0.3ms)[0m  [1m[32mINSERT INTO "applications" ("name", "author", "version", "created_at", "updated_at") VALUES (?, ?, ?, ?, ?)[0m  [["name", "Fix San"], ["author", "Freeman Lang DDS"], ["version", "1.8.6"], ["created_at", "2019-07-23 20:03:42.301450"], ["updated_at", "2019-07-23 20:03:42.301450"]]
  ↳ db/seeds.rb:11
  [1m[35m (11.4ms)[0m  [1m[36mcommit transaction[0m
  ↳ db/seeds.rb:11
  [1m[35m (0.4ms)[0m  [1m[36mbegin transaction[0m
  ↳ db/seeds.rb:11
  [1m[36mApplication Create (0.2ms)[0m  [1m[32mINSERT INTO "applications" ("name", "author", "version", "created_at", "updated_at") VALUES (?, ?, ?, ?, ?)[0m  [["name", "Cardguard"], ["author", "Dirk Hodkiewicz"], ["version", "7.1.9"], ["created_at", "2019-07-23 20:03:42.317917"], ["updated_at", "2019-07-23 20:03:42.317917"]]
  ↳ db/seeds.rb:11
  [1m[35m (11.1ms)[0m  [1m[36mcommit transaction[0m
  ↳ db/seeds.rb:11
  [1m[35m (0.0ms)[0m  [1m[36mbegin transaction[0m
  ↳ db/seeds.rb:11
  [1m[36mApplication Create (0.2ms)[0m  [1m[32mINSERT INTO "applications" ("name", "author", "version", "created_at", "updated_at") VALUES (?, ?, ?, ?, ?)[0m  [["name", "Sub-Ex"], ["author", "Cyrus Cruickshank"], ["version", "6.5.7"], ["created_at", "2019-07-23 20:03:42.336342"], ["updated_at", "2019-07-23 20:03:42.336342"]]
  ↳ db/seeds.rb:11
  [1m[35m (14.2ms)[0m  [1m[36mcommit transaction[0m
  ↳ db/seeds.rb:11
  [1m[35m (0.0ms)[0m  [1m[36mbegin transaction[0m
  ↳ db/seeds.rb:11
  [1m[36mApplication Create (0.2ms)[0m  [1m[32mINSERT INTO "applications" ("name", "author", "version", "created_at", "updated_at") VALUES (?, ?, ?, ?, ?)[0m  [["name", "Zamit"], ["author", "Ankunding-Hane"], ["version", "8.3.6"], ["created_at", "2019-07-23 20:03:42.354372"], ["updated_at", "2019-07-23 20:03:42.354372"]]
  ↳ db/seeds.rb:11
  [1m[35m (13.0ms)[0m  [1m[36mcommit transaction[0m
  ↳ db/seeds.rb:11
  [1m[35m (0.1ms)[0m  [1m[36mbegin transaction[0m
  ↳ db/seeds.rb:11
  [1m[36mApplication Create (0.2ms)[0m  [1m[32mINSERT INTO "applications" ("name", "author", "version", "created_at", "updated_at") VALUES (?, ?, ?, ?, ?)[0m  [["name", "Zontrax"], ["author", "Dr. Juan Collier"], ["version", "3.8.7"], ["created_at", "2019-07-23 20:03:42.369941"], ["updated_at", "2019-07-23 20:03:42.369941"]]
  ↳ db/seeds.rb:11
  [1m[35m (10.7ms)[0m  [1m[36mcommit transaction[0m
  ↳ db/seeds.rb:11
  [1m[35m (0.0ms)[0m  [1m[36mbegin transaction[0m
  ↳ db/seeds.rb:11
  [1m[36mApplication Create (0.2ms)[0m  [1m[32mINSERT INTO "applications" ("name", "author", "version", "created_at", "updated_at") VALUES (?, ?, ?, ?, ?)[0m  [["name", "Bamity"], ["author", "Dave Welch PhD"], ["version", "3.3.2"], ["created_at", "2019-07-23 20:03:42.383435"], ["updated_at", "2019-07-23 20:03:42.383435"]]
  ↳ db/seeds.rb:11
  [1m[35m (11.3ms)[0m  [1m[36mcommit transaction[0m
  ↳ db/seeds.rb:11
  [1m[35m (0.0ms)[0m  [1m[36mbegin transaction[0m
  ↳ db/seeds.rb:11
  [1m[36mApplication Create (0.2ms)[0m  [1m[32mINSERT INTO "applications" ("name", "author", "version", "created_at", "updated_at") VALUES (?, ?, ?, ?, ?)[0m  [["name", "Bigtax"], ["author", "Miss Epifania Koss"], ["version", "5.3.1"], ["created_at", "2019-07-23 20:03:42.396998"], ["updated_at", "2019-07-23 20:03:42.396998"]]
  ↳ db/seeds.rb:11
  [1m[35m (10.4ms)[0m  [1m[36mcommit transaction[0m
  ↳ db/seeds.rb:11
  [1m[35m (0.1ms)[0m  [1m[36mbegin transaction[0m
  ↳ db/seeds.rb:11
  [1m[36mApplication Create (0.2ms)[0m  [1m[32mINSERT INTO "applications" ("name", "author", "version", "created_at", "updated_at") VALUES (?, ?, ?, ?, ?)[0m  [["name", "Voltsillam"], ["author", "Connelly LLC"], ["version", "9.0.5"], ["created_at", "2019-07-23 20:03:42.410093"], ["updated_at", "2019-07-23 20:03:42.410093"]]
  ↳ db/seeds.rb:11
  [1m[35m (12.0ms)[0m  [1m[36mcommit transaction[0m
  ↳ db/seeds.rb:11
  [1m[35m (0.1ms)[0m  [1m[36mbegin transaction[0m
  ↳ db/seeds.rb:11
  [1m[36mApplication Create (0.2ms)[0m  [1m[32mINSERT INTO "applications" ("name", "author", "version", "created_at", "updated_at") VALUES (?, ?, ?, ?, ?)[0m  [["name", "Lotlux"], ["author", "Luettgen, Hansen and Bartoletti"], ["version", "0.3.1"], ["created_at", "2019-07-23 20:03:42.426839"], ["updated_at", "2019-07-23 20:03:42.426839"]]
  ↳ db/seeds.rb:11
  [1m[35m (10.4ms)[0m  [1m[36mcommit transaction[0m
  ↳ db/seeds.rb:11
  [1m[35m (0.1ms)[0m  [1m[36mbegin transaction[0m
  ↳ db/seeds.rb:11
  [1m[36mApplication Create (0.3ms)[0m  [1m[32mINSERT INTO "applications" ("name", "author", "version", "created_at", "updated_at") VALUES (?, ?, ?, ?, ?)[0m  [["name", "Home Ing"], ["author", "Bosco and Sons"], ["version", "7.9.4"], ["created_at", "2019-07-23 20:03:42.441117"], ["updated_at", "2019-07-23 20:03:42.441117"]]
  ↳ db/seeds.rb:11
  [1m[35m (11.7ms)[0m  [1m[36mcommit transaction[0m
  ↳ db/seeds.rb:11
  [1m[35m (0.1ms)[0m  [1m[36mbegin transaction[0m
  ↳ db/seeds.rb:11
  [1m[36mApplication Create (0.3ms)[0m  [1m[32mINSERT INTO "applications" ("name", "author", "version", "created_at", "updated_at") VALUES (?, ?, ?, ?, ?)[0m  [["name", "Bamity"], ["author", "Jean McCullough"], ["version", "0.9.9"], ["created_at", "2019-07-23 20:03:42.459008"], ["updated_at", "2019-07-23 20:03:42.459008"]]
  ↳ db/seeds.rb:11
  [1m[35m (10.8ms)[0m  [1m[36mcommit transaction[0m
  ↳ db/seeds.rb:11
  [1m[35m (0.1ms)[0m  [1m[36mbegin transaction[0m
  ↳ db/seeds.rb:11
  [1m[36mApplication Create (0.3ms)[0m  [1m[32mINSERT INTO "applications" ("name", "author", "version", "created_at", "updated_at") VALUES (?, ?, ?, ?, ?)[0m  [["name", "Viva"], ["author", "Miriam Borer"], ["version", "0.9.5"], ["created_at", "2019-07-23 20:03:42.473943"], ["updated_at", "2019-07-23 20:03:42.473943"]]
  ↳ db/seeds.rb:11
  [1m[35m (11.6ms)[0m  [1m[36mcommit transaction[0m
  ↳ db/seeds.rb:11
  [1m[35m (0.1ms)[0m  [1m[36mbegin transaction[0m
  ↳ db/seeds.rb:11
  [1m[36mApplication Create (0.3ms)[0m  [1m[32mINSERT INTO "applications" ("name", "author", "version", "created_at", "updated_at") VALUES (?, ?, ?, ?, ?)[0m  [["name", "Job"], ["author", "Mrs. Duncan Luettgen"], ["version", "3.7.9"], ["created_at", "2019-07-23 20:03:42.489831"], ["updated_at", "2019-07-23 20:03:42.489831"]]
  ↳ db/seeds.rb:11
  [1m[35m (13.8ms)[0m  [1m[36mcommit transaction[0m
  ↳ db/seeds.rb:11
  [1m[35m (0.1ms)[0m  [1m[36mbegin transaction[0m
  ↳ db/seeds.rb:11
  [1m[36mApplication Create (0.3ms)[0m  [1m[32mINSERT INTO "applications" ("name", "author", "version", "created_at", "updated_at") VALUES (?, ?, ?, ?, ?)[0m  [["name", "Stronghold"], ["author", "Louisa Veum"], ["version", "9.10.5"], ["created_at", "2019-07-23 20:03:42.507328"], ["updated_at", "2019-07-23 20:03:42.507328"]]
  ↳ db/seeds.rb:11
  [1m[35m (10.8ms)[0m  [1m[36mcommit transaction[0m
  ↳ db/seeds.rb:11
  [1m[35m (0.1ms)[0m  [1m[36mbegin transaction[0m
  ↳ db/seeds.rb:11
  [1m[36mApplication Create (0.3ms)[0m  [1m[32mINSERT INTO "applications" ("name", "author", "version", "created_at", "updated_at") VALUES (?, ?, ?, ?, ?)[0m  [["name", "Fintone"], ["author", "Ms. Ruthie Dach"], ["version", "6.2.8"], ["created_at", "2019-07-23 20:03:42.521734"], ["updated_at", "2019-07-23 20:03:42.521734"]]
  ↳ db/seeds.rb:11
  [1m[35m (13.8ms)[0m  [1m[36mcommit transaction[0m
  ↳ db/seeds.rb:11
  [1m[35m (0.1ms)[0m  [1m[36mbegin transaction[0m
  ↳ db/seeds.rb:11
  [1m[36mApplication Create (0.3ms)[0m  [1m[32mINSERT INTO "applications" ("name", "author", "version", "created_at", "updated_at") VALUES (?, ?, ?, ?, ?)[0m  [["name", "Hatity"], ["author", "Kuphal and Sons"], ["version", "9.10.1"], ["created_at", "2019-07-23 20:03:42.539291"], ["updated_at", "2019-07-23 20:03:42.539291"]]
  ↳ db/seeds.rb:11
  [1m[35m (11.3ms)[0m  [1m[36mcommit transaction[0m
  ↳ db/seeds.rb:11
  [1m[35m (0.1ms)[0m  [1m[36mbegin transaction[0m
  ↳ db/seeds.rb:11
  [1m[36mApplication Create (0.3ms)[0m  [1m[32mINSERT INTO "applications" ("name", "author", "version", "created_at", "updated_at") VALUES (?, ?, ?, ?, ?)[0m  [["name", "Prodder"], ["author", "Stiedemann-Roberts"], ["version", "1.7.6"], ["created_at", "2019-07-23 20:03:42.555068"], ["updated_at", "2019-07-23 20:03:42.555068"]]
  ↳ db/seeds.rb:11
  [1m[35m (10.5ms)[0m  [1m[36mcommit transaction[0m
  ↳ db/seeds.rb:11
  [1m[35m (0.1ms)[0m  [1m[36mbegin transaction[0m
  ↳ db/seeds.rb:11
  [1m[36mApplication Create (0.3ms)[0m  [1m[32mINSERT INTO "applications" ("name", "author", "version", "created_at", "updated_at") VALUES (?, ?, ?, ?, ?)[0m  [["name", "Otcom"], ["author", "Sharyn Herman"], ["version", "4.4.4"], ["created_at", "2019-07-23 20:03:42.569682"], ["updated_at", "2019-07-23 20:03:42.569682"]]
  ↳ db/seeds.rb:11
  [1m[35m (11.0ms)[0m  [1m[36mcommit transaction[0m
  ↳ db/seeds.rb:11
  [1m[35m (0.1ms)[0m  [1m[36mbegin transaction[0m
  ↳ db/seeds.rb:11
  [1m[36mApplication Create (0.6ms)[0m  [1m[32mINSERT INTO "applications" ("name", "author", "version", "created_at", "updated_at") VALUES (?, ?, ?, ?, ?)[0m  [["name", "Fixflex"], ["author", "Collins-Marquardt"], ["version", "1.10.9"], ["created_at", "2019-07-23 20:03:42.587005"], ["updated_at", "2019-07-23 20:03:42.587005"]]
  ↳ db/seeds.rb:11
  [1m[35m (15.5ms)[0m  [1m[36mcommit transaction[0m
  ↳ db/seeds.rb:11
  [1m[35m (0.1ms)[0m  [1m[36mbegin transaction[0m
  ↳ db/seeds.rb:11
  [1m[36mApplication Create (0.7ms)[0m  [1m[32mINSERT INTO "applications" ("name", "author", "version", "created_at", "updated_at") VALUES (?, ?, ?, ?, ?)[0m  [["name", "Vagram"], ["author", "Damon Hartmann"], ["version", "9.1.9"], ["created_at", "2019-07-23 20:03:42.617868"], ["updated_at", "2019-07-23 20:03:42.617868"]]
  ↳ db/seeds.rb:11
  [1m[35m (13.3ms)[0m  [1m[36mcommit transaction[0m
  ↳ db/seeds.rb:11
  [1m[35m (0.1ms)[0m  [1m[36mbegin transaction[0m
  ↳ db/seeds.rb:11
  [1m[36mApplication Create (0.7ms)[0m  [1m[32mINSERT INTO "applications" ("name", "author", "version", "created_at", "updated_at") VALUES (?, ?, ?, ?, ?)[0m  [["name", "Biodex"], ["author", "Ankunding-Reichert"], ["version", "0.8.8"], ["created_at", "2019-07-23 20:03:42.642023"], ["updated_at", "2019-07-23 20:03:42.642023"]]
  ↳ db/seeds.rb:11
  [1m[35m (11.1ms)[0m  [1m[36mcommit transaction[0m
  ↳ db/seeds.rb:11
  [1m[35m (0.1ms)[0m  [1m[36mbegin transaction[0m
  ↳ db/seeds.rb:11
  [1m[36mApplication Create (0.7ms)[0m  [1m[32mINSERT INTO "applications" ("name", "author", "version", "created_at", "updated_at") VALUES (?, ?, ?, ?, ?)[0m  [["name", "Zoolab"], ["author", "Crist, Marks and Smith"], ["version", "5.10.5"], ["created_at", "2019-07-23 20:03:42.665453"], ["updated_at", "2019-07-23 20:03:42.665453"]]
  ↳ db/seeds.rb:11
  [1m[35m (13.4ms)[0m  [1m[36mcommit transaction[0m
  ↳ db/seeds.rb:11
  [1m[35m (0.1ms)[0m  [1m[36mbegin transaction[0m
  ↳ db/seeds.rb:11
  [1m[36mApplication Create (0.5ms)[0m  [1m[32mINSERT INTO "applications" ("name", "author", "version", "created_at", "updated_at") VALUES (?, ?, ?, ?, ?)[0m  [["name", "Regrant"], ["author", "Herschel Ledner"], ["version", "9.5.4"], ["created_at", "2019-07-23 20:03:42.684992"], ["updated_at", "2019-07-23 20:03:42.684992"]]
  ↳ db/seeds.rb:11
  [1m[35m (17.0ms)[0m  [1m[36mcommit transaction[0m
  ↳ db/seeds.rb:11
  [1m[35m (0.1ms)[0m  [1m[36mbegin transaction[0m
  ↳ db/seeds.rb:11
  [1m[36mApplication Create (0.6ms)[0m  [1m[32mINSERT INTO "applications" ("name", "author", "version", "created_at", "updated_at") VALUES (?, ?, ?, ?, ?)[0m  [["name", "Fintone"], ["author", "Mrs. Mary Hessel"], ["version", "3.9.9"], ["created_at", "2019-07-23 20:03:42.712495"], ["updated_at", "2019-07-23 20:03:42.712495"]]
  ↳ db/seeds.rb:11
  [1m[35m (12.1ms)[0m  [1m[36mcommit transaction[0m
  ↳ db/seeds.rb:11
  [1m[35m (0.3ms)[0m  [1m[36mbegin transaction[0m
  ↳ db/seeds.rb:11
  [1m[36mApplication Create (1.9ms)[0m  [1m[32mINSERT INTO "applications" ("name", "author", "version", "created_at", "updated_at") VALUES (?, ?, ?, ?, ?)[0m  [["name", "Job"], ["author", "Barrett Emmerich"], ["version", "5.3.6"], ["created_at", "2019-07-23 20:03:42.735369"], ["updated_at", "2019-07-23 20:03:42.735369"]]
  ↳ db/seeds.rb:11
  [1m[35m (13.7ms)[0m  [1m[36mcommit transaction[0m
  ↳ db/seeds.rb:11
  [1m[35m (0.1ms)[0m  [1m[36mbegin transaction[0m
  ↳ db/seeds.rb:11
  [1m[36mApplication Create (0.9ms)[0m  [1m[32mINSERT INTO "applications" ("name", "author", "version", "created_at", "updated_at") VALUES (?, ?, ?, ?, ?)[0m  [["name", "Domainer"], ["author", "Merle Friesen"], ["version", "6.8.2"], ["created_at", "2019-07-23 20:03:42.778003"], ["updated_at", "2019-07-23 20:03:42.778003"]]
  ↳ db/seeds.rb:11
  [1m[35m (15.2ms)[0m  [1m[36mcommit transaction[0m
  ↳ db/seeds.rb:11
  [1m[35m (0.3ms)[0m  [1m[36mbegin transaction[0m
  ↳ db/seeds.rb:11
  [1m[36mApplication Create (0.4ms)[0m  [1m[32mINSERT INTO "applications" ("name", "author", "version", "created_at", "updated_at") VALUES (?, ?, ?, ?, ?)[0m  [["name", "Bytecard"], ["author", "Dr. Corinna O'Reilly"], ["version", "5.5.6"], ["created_at", "2019-07-23 20:03:42.805309"], ["updated_at", "2019-07-23 20:03:42.805309"]]
  ↳ db/seeds.rb:11
  [1m[35m (10.7ms)[0m  [1m[36mcommit transaction[0m
  ↳ db/seeds.rb:11
  [1m[35m (0.1ms)[0m  [1m[36mbegin transaction[0m
  ↳ db/seeds.rb:11
  [1m[36mApplication Create (0.4ms)[0m  [1m[32mINSERT INTO "applications" ("name", "author", "version", "created_at", "updated_at") VALUES (?, ?, ?, ?, ?)[0m  [["name", "Subin"], ["author", "Pagac, Hamill and Rempel"], ["version", "4.4.9"], ["created_at", "2019-07-23 20:03:42.821282"], ["updated_at", "2019-07-23 20:03:42.821282"]]
  ↳ db/seeds.rb:11
  [1m[35m (15.6ms)[0m  [1m[36mcommit transaction[0m
  ↳ db/seeds.rb:11
  [1m[35m (0.1ms)[0m  [1m[36mbegin transaction[0m
  ↳ db/seeds.rb:11
  [1m[36mApplication Create (1.8ms)[0m  [1m[32mINSERT INTO "applications" ("name", "author", "version", "created_at", "updated_at") VALUES (?, ?, ?, ?, ?)[0m  [["name", "Transcof"], ["author", "Kermit Kessler"], ["version", "6.3.1"], ["created_at", "2019-07-23 20:03:42.845862"], ["updated_at", "2019-07-23 20:03:42.845862"]]
  ↳ db/seeds.rb:11
  [1m[35m (14.8ms)[0m  [1m[36mcommit transaction[0m
  ↳ db/seeds.rb:11
  [1m[35m (0.1ms)[0m  [1m[36mbegin transaction[0m
  ↳ db/seeds.rb:11
  [1m[36mApplication Create (0.4ms)[0m  [1m[32mINSERT INTO "applications" ("name", "author", "version", "created_at", "updated_at") VALUES (?, ?, ?, ?, ?)[0m  [["name", "Zathin"], ["author", "Hirthe-Schimmel"], ["version", "3.3.6"], ["created_at", "2019-07-23 20:03:42.867997"], ["updated_at", "2019-07-23 20:03:42.867997"]]
  ↳ db/seeds.rb:11
  [1m[35m (10.7ms)[0m  [1m[36mcommit transaction[0m
  ↳ db/seeds.rb:11
  [1m[35m (0.1ms)[0m  [1m[36mbegin transaction[0m
  ↳ db/seeds.rb:11
  [1m[36mApplication Create (0.5ms)[0m  [1m[32mINSERT INTO "applications" ("name", "author", "version", "created_at", "updated_at") VALUES (?, ?, ?, ?, ?)[0m  [["name", "Sonsing"], ["author", "Jaunita Koelpin"], ["version", "1.3.8"], ["created_at", "2019-07-23 20:03:42.884745"], ["updated_at", "2019-07-23 20:03:42.884745"]]
  ↳ db/seeds.rb:11
  [1m[35m (14.6ms)[0m  [1m[36mcommit transaction[0m
  ↳ db/seeds.rb:11
  [1m[35m (0.1ms)[0m  [1m[36mbegin transaction[0m
  ↳ db/seeds.rb:11
  [1m[36mApplication Create (0.4ms)[0m  [1m[32mINSERT INTO "applications" ("name", "author", "version", "created_at", "updated_at") VALUES (?, ?, ?, ?, ?)[0m  [["name", "Cardguard"], ["author", "Nikolaus and Sons"], ["version", "7.3.4"], ["created_at", "2019-07-23 20:03:42.904961"], ["updated_at", "2019-07-23 20:03:42.904961"]]
  ↳ db/seeds.rb:11
  [1m[35m (11.2ms)[0m  [1m[36mcommit transaction[0m
  ↳ db/seeds.rb:11
  [1m[35m (0.2ms)[0m  [1m[36mbegin transaction[0m
  ↳ db/seeds.rb:11
  [1m[36mApplication Create (0.4ms)[0m  [1m[32mINSERT INTO "applications" ("name", "author", "version", "created_at", "updated_at") VALUES (?, ?, ?, ?, ?)[0m  [["name", "Voltsillam"], ["author", "Dr. Cecil Pfeffer"], ["version", "2.3.2"], ["created_at", "2019-07-23 20:03:42.925311"], ["updated_at", "2019-07-23 20:03:42.925311"]]
  ↳ db/seeds.rb:11
  [1m[35m (10.8ms)[0m  [1m[36mcommit transaction[0m
  ↳ db/seeds.rb:11
  [1m[35m (0.1ms)[0m  [1m[36mbegin transaction[0m
  ↳ db/seeds.rb:11
  [1m[36mApplication Create (0.4ms)[0m  [1m[32mINSERT INTO "applications" ("name", "author", "version", "created_at", "updated_at") VALUES (?, ?, ?, ?, ?)[0m  [["name", "Pannier"], ["author", "Bradtke and Sons"], ["version", "1.10.4"], ["created_at", "2019-07-23 20:03:42.941634"], ["updated_at", "2019-07-23 20:03:42.941634"]]
  ↳ db/seeds.rb:11
  [1m[35m (11.3ms)[0m  [1m[36mcommit transaction[0m
  ↳ db/seeds.rb:11
  [1m[35m (0.1ms)[0m  [1m[36mbegin transaction[0m
  ↳ db/seeds.rb:11
  [1m[36mApplication Create (0.9ms)[0m  [1m[32mINSERT INTO "applications" ("name", "author", "version", "created_at", "updated_at") VALUES (?, ?, ?, ?, ?)[0m  [["name", "Namfix"], ["author", "Kunze LLC"], ["version", "5.4.5"], ["created_at", "2019-07-23 20:03:42.957297"], ["updated_at", "2019-07-23 20:03:42.957297"]]
  ↳ db/seeds.rb:11
  [1m[35m (10.8ms)[0m  [1m[36mcommit transaction[0m
  ↳ db/seeds.rb:11
  [1m[35m (0.1ms)[0m  [1m[36mbegin transaction[0m
  ↳ db/seeds.rb:11
  [1m[36mApplication Create (0.5ms)[0m  [1m[32mINSERT INTO "applications" ("name", "author", "version", "created_at", "updated_at") VALUES (?, ?, ?, ?, ?)[0m  [["name", "Bitchip"], ["author", "Dickens and Sons"], ["version", "0.7.1"], ["created_at", "2019-07-23 20:03:42.973484"], ["updated_at", "2019-07-23 20:03:42.973484"]]
  ↳ db/seeds.rb:11
  [1m[35m (11.0ms)[0m  [1m[36mcommit transaction[0m
  ↳ db/seeds.rb:11
  [1m[35m (0.1ms)[0m  [1m[36mbegin transaction[0m
  ↳ db/seeds.rb:11
  [1m[36mApplication Create (0.5ms)[0m  [1m[32mINSERT INTO "applications" ("name", "author", "version", "created_at", "updated_at") VALUES (?, ?, ?, ?, ?)[0m  [["name", "Sonair"], ["author", "Wilkinson-Luettgen"], ["version", "4.2.5"], ["created_at", "2019-07-23 20:03:42.990782"], ["updated_at", "2019-07-23 20:03:42.990782"]]
  ↳ db/seeds.rb:11
  [1m[35m (14.9ms)[0m  [1m[36mcommit transaction[0m
  ↳ db/seeds.rb:11
  [1m[35m (0.1ms)[0m  [1m[36mbegin transaction[0m
  ↳ db/seeds.rb:11
  [1m[36mApplication Create (1.5ms)[0m  [1m[32mINSERT INTO "applications" ("name", "author", "version", "created_at", "updated_at") VALUES (?, ?, ?, ?, ?)[0m  [["name", "Wrapsafe"], ["author", "Ricky Skiles"], ["version", "4.8.6"], ["created_at", "2019-07-23 20:03:43.012671"], ["updated_at", "2019-07-23 20:03:43.012671"]]
  ↳ db/seeds.rb:11
  [1m[35m (11.4ms)[0m  [1m[36mcommit transaction[0m
  ↳ db/seeds.rb:11
  [1m[35m (0.1ms)[0m  [1m[36mbegin transaction[0m
  ↳ db/seeds.rb:11
  [1m[36mApplication Create (0.5ms)[0m  [1m[32mINSERT INTO "applications" ("name", "author", "version", "created_at", "updated_at") VALUES (?, ?, ?, ?, ?)[0m  [["name", "Stringtough"], ["author", "Thompson, Powlowski and Barton"], ["version", "8.5.2"], ["created_at", "2019-07-23 20:03:43.032867"], ["updated_at", "2019-07-23 20:03:43.032867"]]
  ↳ db/seeds.rb:11
  [1m[35m (11.8ms)[0m  [1m[36mcommit transaction[0m
  ↳ db/seeds.rb:11
  [1m[35m (0.1ms)[0m  [1m[36mbegin transaction[0m
  ↳ db/seeds.rb:11
  [1m[36mApplication Create (0.4ms)[0m  [1m[32mINSERT INTO "applications" ("name", "author", "version", "created_at", "updated_at") VALUES (?, ?, ?, ?, ?)[0m  [["name", "Fixflex"], ["author", "Tess Effertz"], ["version", "9.0.2"], ["created_at", "2019-07-23 20:03:43.049765"], ["updated_at", "2019-07-23 20:03:43.049765"]]
  ↳ db/seeds.rb:11
  [1m[35m (11.3ms)[0m  [1m[36mcommit transaction[0m
  ↳ db/seeds.rb:11
  [1m[35m (0.1ms)[0m  [1m[36mbegin transaction[0m
  ↳ db/seeds.rb:11
  [1m[36mApplication Create (0.4ms)[0m  [1m[32mINSERT INTO "applications" ("name", "author", "version", "created_at", "updated_at") VALUES (?, ?, ?, ?, ?)[0m  [["name", "Flowdesk"], ["author", "Williamson-Kshlerin"], ["version", "6.0.6"], ["created_at", "2019-07-23 20:03:43.066597"], ["updated_at", "2019-07-23 20:03:43.066597"]]
  ↳ db/seeds.rb:11
  [1m[35m (11.1ms)[0m  [1m[36mcommit transaction[0m
  ↳ db/seeds.rb:11
  [1m[35m (0.1ms)[0m  [1m[36mbegin transaction[0m
  ↳ db/seeds.rb:11
  [1m[36mApplication Create (0.5ms)[0m  [1m[32mINSERT INTO "applications" ("name", "author", "version", "created_at", "updated_at") VALUES (?, ?, ?, ?, ?)[0m  [["name", "Zontrax"], ["author", "Kilback, Nienow and Schultz"], ["version", "4.9.3"], ["created_at", "2019-07-23 20:03:43.082452"], ["updated_at", "2019-07-23 20:03:43.082452"]]
  ↳ db/seeds.rb:11
  [1m[35m (11.0ms)[0m  [1m[36mcommit transaction[0m
  ↳ db/seeds.rb:11
  [1m[35m (0.1ms)[0m  [1m[36mbegin transaction[0m
  ↳ db/seeds.rb:11
  [1m[36mApplication Create (0.4ms)[0m  [1m[32mINSERT INTO "applications" ("name", "author", "version", "created_at", "updated_at") VALUES (?, ?, ?, ?, ?)[0m  [["name", "Tresom"], ["author", "Abernathy-Ondricka"], ["version", "9.9.6"], ["created_at", "2019-07-23 20:03:43.098022"], ["updated_at", "2019-07-23 20:03:43.098022"]]
  ↳ db/seeds.rb:11
  [1m[35m (14.3ms)[0m  [1m[36mcommit transaction[0m
  ↳ db/seeds.rb:11
  [1m[35m (0.1ms)[0m  [1m[36mbegin transaction[0m
  ↳ db/seeds.rb:11
  [1m[36mApplication Create (0.4ms)[0m  [1m[32mINSERT INTO "applications" ("name", "author", "version", "created_at", "updated_at") VALUES (?, ?, ?, ?, ?)[0m  [["name", "Latlux"], ["author", "Mayer-Crooks"], ["version", "3.3.1"], ["created_at", "2019-07-23 20:03:43.117391"], ["updated_at", "2019-07-23 20:03:43.117391"]]
  ↳ db/seeds.rb:11
  [1m[35m (13.6ms)[0m  [1m[36mcommit transaction[0m
  ↳ db/seeds.rb:11
  [1m[35m (0.1ms)[0m  [1m[36mbegin transaction[0m
  ↳ db/seeds.rb:11
  [1m[36mApplication Create (1.2ms)[0m  [1m[32mINSERT INTO "applications" ("name", "author", "version", "created_at", "updated_at") VALUES (?, ?, ?, ?, ?)[0m  [["name", "Namfix"], ["author", "Treutel, Pollich and Gulgowski"], ["version", "5.5.3"], ["created_at", "2019-07-23 20:03:43.142960"], ["updated_at", "2019-07-23 20:03:43.142960"]]
  ↳ db/seeds.rb:11
  [1m[35m (13.2ms)[0m  [1m[36mcommit transaction[0m
  ↳ db/seeds.rb:11
  [1m[35m (0.1ms)[0m  [1m[36mbegin transaction[0m
  ↳ db/seeds.rb:11
  [1m[36mApplication Create (1.2ms)[0m  [1m[32mINSERT INTO "applications" ("name", "author", "version", "created_at", "updated_at") VALUES (?, ?, ?, ?, ?)[0m  [["name", "Alphazap"], ["author", "Waters, Kertzmann and Mills"], ["version", "7.2.6"], ["created_at", "2019-07-23 20:03:43.164523"], ["updated_at", "2019-07-23 20:03:43.164523"]]
  ↳ db/seeds.rb:11
  [1m[35m (12.0ms)[0m  [1m[36mcommit transaction[0m
  ↳ db/seeds.rb:11
  [1m[35m (0.2ms)[0m  [1m[36mbegin transaction[0m
  ↳ db/seeds.rb:11
  [1m[36mApplication Create (0.6ms)[0m  [1m[32mINSERT INTO "applications" ("name", "author", "version", "created_at", "updated_at") VALUES (?, ?, ?, ?, ?)[0m  [["name", "It"], ["author", "Waelchi, Emmerich and Sawayn"], ["version", "9.5.4"], ["created_at", "2019-07-23 20:03:43.186231"], ["updated_at", "2019-07-23 20:03:43.186231"]]
  ↳ db/seeds.rb:11
  [1m[35m (14.0ms)[0m  [1m[36mcommit transaction[0m
  ↳ db/seeds.rb:11
  [1m[35m (0.1ms)[0m  [1m[36mbegin transaction[0m
  ↳ db/seeds.rb:11
  [1m[36mApplication Create (0.6ms)[0m  [1m[32mINSERT INTO "applications" ("name", "author", "version", "created_at", "updated_at") VALUES (?, ?, ?, ?, ?)[0m  [["name", "Stringtough"], ["author", "Hegmann-Maggio"], ["version", "0.10.9"], ["created_at", "2019-07-23 20:03:43.207984"], ["updated_at", "2019-07-23 20:03:43.207984"]]
  ↳ db/seeds.rb:11
  [1m[35m (11.3ms)[0m  [1m[36mcommit transaction[0m
  ↳ db/seeds.rb:11
  [1m[35m (0.5ms)[0m  [1m[36mbegin transaction[0m
  ↳ db/seeds.rb:11
  [1m[36mApplication Create (2.4ms)[0m  [1m[32mINSERT INTO "applications" ("name", "author", "version", "created_at", "updated_at") VALUES (?, ?, ?, ?, ?)[0m  [["name", "Lotlux"], ["author", "Ezra Bernhard"], ["version", "9.5.4"], ["created_at", "2019-07-23 20:03:43.228667"], ["updated_at", "2019-07-23 20:03:43.228667"]]
  ↳ db/seeds.rb:11
  [1m[35m (14.9ms)[0m  [1m[36mcommit transaction[0m
  ↳ db/seeds.rb:11
  [1m[35m (0.1ms)[0m  [1m[34mSELECT "schema_migrations"."version" FROM "schema_migrations" ORDER BY "schema_migrations"."version" ASC[0m
  ↳ bin/rails:9
  [1m[36mApplication Destroy (14.3ms)[0m  [1m[31mDELETE FROM "applications"[0m
  ↳ db/seeds.rb:8
  [1m[35m (0.0ms)[0m  [1m[36mbegin transaction[0m
  ↳ db/seeds.rb:11
  [1m[36mApplication Create (0.2ms)[0m  [1m[32mINSERT INTO "applications" ("name", "author", "version", "created_at", "updated_at") VALUES (?, ?, ?, ?, ?)[0m  [["name", "Redhold"], ["author", "Nader-Flatley"], ["version", "7.1.8"], ["created_at", "2019-07-23 20:04:16.081079"], ["updated_at", "2019-07-23 20:04:16.081079"]]
  ↳ db/seeds.rb:11
  [1m[35m (10.6ms)[0m  [1m[36mcommit transaction[0m
  ↳ db/seeds.rb:11
  [1m[35m (0.1ms)[0m  [1m[36mbegin transaction[0m
  ↳ db/seeds.rb:11
  [1m[36mApplication Create (0.2ms)[0m  [1m[32mINSERT INTO "applications" ("name", "author", "version", "created_at", "updated_at") VALUES (?, ?, ?, ?, ?)[0m  [["name", "Y-find"], ["author", "Marks, Kiehn and Greenfelder"], ["version", "3.8.9"], ["created_at", "2019-07-23 20:04:16.094034"], ["updated_at", "2019-07-23 20:04:16.094034"]]
  ↳ db/seeds.rb:11
  [1m[35m (11.2ms)[0m  [1m[36mcommit transaction[0m
  ↳ db/seeds.rb:11
  [1m[35m (0.1ms)[0m  [1m[36mbegin transaction[0m
  ↳ db/seeds.rb:11
  [1m[36mApplication Create (0.2ms)[0m  [1m[32mINSERT INTO "applications" ("name", "author", "version", "created_at", "updated_at") VALUES (?, ?, ?, ?, ?)[0m  [["name", "Gembucket"], ["author", "Nolan LLC"], ["version", "0.7.8"], ["created_at", "2019-07-23 20:04:16.110137"], ["updated_at", "2019-07-23 20:04:16.110137"]]
  ↳ db/seeds.rb:11
  [1m[35m (10.6ms)[0m  [1m[36mcommit transaction[0m
  ↳ db/seeds.rb:11
  [1m[35m (0.1ms)[0m  [1m[36mbegin transaction[0m
  ↳ db/seeds.rb:11
  [1m[36mApplication Create (0.2ms)[0m  [1m[32mINSERT INTO "applications" ("name", "author", "version", "created_at", "updated_at") VALUES (?, ?, ?, ?, ?)[0m  [["name", "Zoolab"], ["author", "Joette Bogan"], ["version", "9.4.5"], ["created_at", "2019-07-23 20:04:16.128679"], ["updated_at", "2019-07-23 20:04:16.128679"]]
  ↳ db/seeds.rb:11
  [1m[35m (12.6ms)[0m  [1m[36mcommit transaction[0m
  ↳ db/seeds.rb:11
  [1m[35m (0.0ms)[0m  [1m[36mbegin transaction[0m
  ↳ db/seeds.rb:11
  [1m[36mApplication Create (0.2ms)[0m  [1m[32mINSERT INTO "applications" ("name", "author", "version", "created_at", "updated_at") VALUES (?, ?, ?, ?, ?)[0m  [["name", "Daltfresh"], ["author", "Grimes and Sons"], ["version", "9.2.5"], ["created_at", "2019-07-23 20:04:16.144211"], ["updated_at", "2019-07-23 20:04:16.144211"]]
  ↳ db/seeds.rb:11
  [1m[35m (13.8ms)[0m  [1m[36mcommit transaction[0m
  ↳ db/seeds.rb:11
  [1m[35m (0.0ms)[0m  [1m[36mbegin transaction[0m
  ↳ db/seeds.rb:11
  [1m[36mApplication Create (0.2ms)[0m  [1m[32mINSERT INTO "applications" ("name", "author", "version", "created_at", "updated_at") VALUES (?, ?, ?, ?, ?)[0m  [["name", "Konklab"], ["author", "Stracke-Swift"], ["version", "5.6.6"], ["created_at", "2019-07-23 20:04:16.160309"], ["updated_at", "2019-07-23 20:04:16.160309"]]
  ↳ db/seeds.rb:11
  [1m[35m (10.3ms)[0m  [1m[36mcommit transaction[0m
  ↳ db/seeds.rb:11
  [1m[35m (0.0ms)[0m  [1m[36mbegin transaction[0m
  ↳ db/seeds.rb:11
  [1m[36mApplication Create (0.2ms)[0m  [1m[32mINSERT INTO "applications" ("name", "author", "version", "created_at", "updated_at") VALUES (?, ?, ?, ?, ?)[0m  [["name", "Latlux"], ["author", "Cronin and Sons"], ["version", "7.0.3"], ["created_at", "2019-07-23 20:04:16.172914"], ["updated_at", "2019-07-23 20:04:16.172914"]]
  ↳ db/seeds.rb:11
  [1m[35m (11.2ms)[0m  [1m[36mcommit transaction[0m
  ↳ db/seeds.rb:11
  [1m[35m (0.0ms)[0m  [1m[36mbegin transaction[0m
  ↳ db/seeds.rb:11
  [1m[36mApplication Create (0.2ms)[0m  [1m[32mINSERT INTO "applications" ("name", "author", "version", "created_at", "updated_at") VALUES (?, ?, ?, ?, ?)[0m  [["name", "Solarbreeze"], ["author", "Reinaldo Von"], ["version", "6.8.8"], ["created_at", "2019-07-23 20:04:16.189082"], ["updated_at", "2019-07-23 20:04:16.189082"]]
  ↳ db/seeds.rb:11
  [1m[35m (10.4ms)[0m  [1m[36mcommit transaction[0m
  ↳ db/seeds.rb:11
  [1m[35m (0.0ms)[0m  [1m[36mbegin transaction[0m
  ↳ db/seeds.rb:11
  [1m[36mApplication Create (0.2ms)[0m  [1m[32mINSERT INTO "applications" ("name", "author", "version", "created_at", "updated_at") VALUES (?, ?, ?, ?, ?)[0m  [["name", "Otcom"], ["author", "Carma Baumbach"], ["version", "5.3.1"], ["created_at", "2019-07-23 20:04:16.202000"], ["updated_at", "2019-07-23 20:04:16.202000"]]
  ↳ db/seeds.rb:11
  [1m[35m (10.6ms)[0m  [1m[36mcommit transaction[0m
  ↳ db/seeds.rb:11
  [1m[35m (0.0ms)[0m  [1m[36mbegin transaction[0m
  ↳ db/seeds.rb:11
  [1m[36mApplication Create (0.2ms)[0m  [1m[32mINSERT INTO "applications" ("name", "author", "version", "created_at", "updated_at") VALUES (?, ?, ?, ?, ?)[0m  [["name", "Bitwolf"], ["author", "Jermaine Kohler"], ["version", "8.1.7"], ["created_at", "2019-07-23 20:04:16.220035"], ["updated_at", "2019-07-23 20:04:16.220035"]]
  ↳ db/seeds.rb:11
  [1m[35m (10.4ms)[0m  [1m[36mcommit transaction[0m
  ↳ db/seeds.rb:11
  [1m[35m (0.0ms)[0m  [1m[36mbegin transaction[0m
  ↳ db/seeds.rb:11
  [1m[36mApplication Create (0.2ms)[0m  [1m[32mINSERT INTO "applications" ("name", "author", "version", "created_at", "updated_at") VALUES (?, ?, ?, ?, ?)[0m  [["name", "Wrapsafe"], ["author", "Jerde-Pollich"], ["version", "6.5.9"], ["created_at", "2019-07-23 20:04:16.233398"], ["updated_at", "2019-07-23 20:04:16.233398"]]
  ↳ db/seeds.rb:11
  [1m[35m (12.0ms)[0m  [1m[36mcommit transaction[0m
  ↳ db/seeds.rb:11
  [1m[35m (0.0ms)[0m  [1m[36mbegin transaction[0m
  ↳ db/seeds.rb:11
  [1m[36mApplication Create (0.2ms)[0m  [1m[32mINSERT INTO "applications" ("name", "author", "version", "created_at", "updated_at") VALUES (?, ?, ?, ?, ?)[0m  [["name", "Sonair"], ["author", "Jewel Larkin"], ["version", "3.4.6"], ["created_at", "2019-07-23 20:04:16.250416"], ["updated_at", "2019-07-23 20:04:16.250416"]]
  ↳ db/seeds.rb:11
  [1m[35m (10.3ms)[0m  [1m[36mcommit transaction[0m
  ↳ db/seeds.rb:11
  [1m[35m (0.1ms)[0m  [1m[36mbegin transaction[0m
  ↳ db/seeds.rb:11
  [1m[36mApplication Create (0.2ms)[0m  [1m[32mINSERT INTO "applications" ("name", "author", "version", "created_at", "updated_at") VALUES (?, ?, ?, ?, ?)[0m  [["name", "Kanlam"], ["author", "Parisian, Hermiston and Schmitt"], ["version", "6.8.4"], ["created_at", "2019-07-23 20:04:16.263181"], ["updated_at", "2019-07-23 20:04:16.263181"]]
  ↳ db/seeds.rb:11
  [1m[35m (10.7ms)[0m  [1m[36mcommit transaction[0m
  ↳ db/seeds.rb:11
  [1m[35m (0.1ms)[0m  [1m[36mbegin transaction[0m
  ↳ db/seeds.rb:11
  [1m[36mApplication Create (0.3ms)[0m  [1m[32mINSERT INTO "applications" ("name", "author", "version", "created_at", "updated_at") VALUES (?, ?, ?, ?, ?)[0m  [["name", "Overhold"], ["author", "Melaine Bahringer PhD"], ["version", "9.10.9"], ["created_at", "2019-07-23 20:04:16.280984"], ["updated_at", "2019-07-23 20:04:16.280984"]]
  ↳ db/seeds.rb:11
  [1m[35m (10.6ms)[0m  [1m[36mcommit transaction[0m
  ↳ db/seeds.rb:11
  [1m[35m (0.1ms)[0m  [1m[36mbegin transaction[0m
  ↳ db/seeds.rb:11
  [1m[36mApplication Create (0.2ms)[0m  [1m[32mINSERT INTO "applications" ("name", "author", "version", "created_at", "updated_at") VALUES (?, ?, ?, ?, ?)[0m  [["name", "Konklux"], ["author", "Damien Satterfield"], ["version", "8.8.1"], ["created_at", "2019-07-23 20:04:16.294657"], ["updated_at", "2019-07-23 20:04:16.294657"]]
  ↳ db/seeds.rb:11
  [1m[35m (11.7ms)[0m  [1m[36mcommit transaction[0m
  ↳ db/seeds.rb:11
  [1m[35m (0.1ms)[0m  [1m[36mbegin transaction[0m
  ↳ db/seeds.rb:11
  [1m[36mApplication Create (0.2ms)[0m  [1m[32mINSERT INTO "applications" ("name", "author", "version", "created_at", "updated_at") VALUES (?, ?, ?, ?, ?)[0m  [["name", "Tresom"], ["author", "Nolan, Brown and D'Amore"], ["version", "4.5.6"], ["created_at", "2019-07-23 20:04:16.312672"], ["updated_at", "2019-07-23 20:04:16.312672"]]
  ↳ db/seeds.rb:11
  [1m[35m (10.5ms)[0m  [1m[36mcommit transaction[0m
  ↳ db/seeds.rb:11
  [1m[35m (0.0ms)[0m  [1m[36mbegin transaction[0m
  ↳ db/seeds.rb:11
  [1m[36mApplication Create (0.2ms)[0m  [1m[32mINSERT INTO "applications" ("name", "author", "version", "created_at", "updated_at") VALUES (?, ?, ?, ?, ?)[0m  [["name", "Alpha"], ["author", "Antoine Nicolas"], ["version", "3.3.5"], ["created_at", "2019-07-23 20:04:16.326103"], ["updated_at", "2019-07-23 20:04:16.326103"]]
  ↳ db/seeds.rb:11
  [1m[35m (11.5ms)[0m  [1m[36mcommit transaction[0m
  ↳ db/seeds.rb:11
  [1m[35m (0.0ms)[0m  [1m[36mbegin transaction[0m
  ↳ db/seeds.rb:11
  [1m[36mApplication Create (0.2ms)[0m  [1m[32mINSERT INTO "applications" ("name", "author", "version", "created_at", "updated_at") VALUES (?, ?, ?, ?, ?)[0m  [["name", "Voyatouch"], ["author", "Len Gibson"], ["version", "2.6.5"], ["created_at", "2019-07-23 20:04:16.343022"], ["updated_at", "2019-07-23 20:04:16.343022"]]
  ↳ db/seeds.rb:11
  [1m[35m (10.5ms)[0m  [1m[36mcommit transaction[0m
  ↳ db/seeds.rb:11
  [1m[35m (0.0ms)[0m  [1m[36mbegin transaction[0m
  ↳ db/seeds.rb:11
  [1m[36mApplication Create (0.2ms)[0m  [1m[32mINSERT INTO "applications" ("name", "author", "version", "created_at", "updated_at") VALUES (?, ?, ?, ?, ?)[0m  [["name", "Domainer"], ["author", "Olive Zieme"], ["version", "7.10.8"], ["created_at", "2019-07-23 20:04:16.356174"], ["updated_at", "2019-07-23 20:04:16.356174"]]
  ↳ db/seeds.rb:11
  [1m[35m (11.4ms)[0m  [1m[36mcommit transaction[0m
  ↳ db/seeds.rb:11
  [1m[35m (0.0ms)[0m  [1m[36mbegin transaction[0m
  ↳ db/seeds.rb:11
  [1m[36mApplication Create (0.2ms)[0m  [1m[32mINSERT INTO "applications" ("name", "author", "version", "created_at", "updated_at") VALUES (?, ?, ?, ?, ?)[0m  [["name", "Toughjoyfax"], ["author", "Ramon Heller"], ["version", "9.3.7"], ["created_at", "2019-07-23 20:04:16.373364"], ["updated_at", "2019-07-23 20:04:16.373364"]]
  ↳ db/seeds.rb:11
  [1m[35m (10.3ms)[0m  [1m[36mcommit transaction[0m
  ↳ db/seeds.rb:11
  [1m[35m (0.0ms)[0m  [1m[36mbegin transaction[0m
  ↳ db/seeds.rb:11
  [1m[36mApplication Create (0.2ms)[0m  [1m[32mINSERT INTO "applications" ("name", "author", "version", "created_at", "updated_at") VALUES (?, ?, ?, ?, ?)[0m  [["name", "Regrant"], ["author", "Cassin LLC"], ["version", "2.9.8"], ["created_at", "2019-07-23 20:04:16.386331"], ["updated_at", "2019-07-23 20:04:16.386331"]]
  ↳ db/seeds.rb:11
  [1m[35m (10.4ms)[0m  [1m[36mcommit transaction[0m
  ↳ db/seeds.rb:11
  [1m[35m (0.1ms)[0m  [1m[36mbegin transaction[0m
  ↳ db/seeds.rb:11
  [1m[36mApplication Create (0.2ms)[0m  [1m[32mINSERT INTO "applications" ("name", "author", "version", "created_at", "updated_at") VALUES (?, ?, ?, ?, ?)[0m  [["name", "Wrapsafe"], ["author", "Sacha Ondricka V"], ["version", "7.8.9"], ["created_at", "2019-07-23 20:04:16.404329"], ["updated_at", "2019-07-23 20:04:16.404329"]]
  ↳ db/seeds.rb:11
  [1m[35m (13.8ms)[0m  [1m[36mcommit transaction[0m
  ↳ db/seeds.rb:11
  [1m[35m (0.0ms)[0m  [1m[36mbegin transaction[0m
  ↳ db/seeds.rb:11
  [1m[36mApplication Create (0.2ms)[0m  [1m[32mINSERT INTO "applications" ("name", "author", "version", "created_at", "updated_at") VALUES (?, ?, ?, ?, ?)[0m  [["name", "Tresom"], ["author", "Farrell, Becker and Bernier"], ["version", "7.10.3"], ["created_at", "2019-07-23 20:04:16.420837"], ["updated_at", "2019-07-23 20:04:16.420837"]]
  ↳ db/seeds.rb:11
  [1m[35m (14.5ms)[0m  [1m[36mcommit transaction[0m
  ↳ db/seeds.rb:11
  [1m[35m (0.0ms)[0m  [1m[36mbegin transaction[0m
  ↳ db/seeds.rb:11
  [1m[36mApplication Create (0.2ms)[0m  [1m[32mINSERT INTO "applications" ("name", "author", "version", "created_at", "updated_at") VALUES (?, ?, ?, ?, ?)[0m  [["name", "Tin"], ["author", "Spinka, Wolf and Paucek"], ["version", "7.10.7"], ["created_at", "2019-07-23 20:04:16.437945"], ["updated_at", "2019-07-23 20:04:16.437945"]]
  ↳ db/seeds.rb:11
  [1m[35m (11.7ms)[0m  [1m[36mcommit transaction[0m
  ↳ db/seeds.rb:11
  [1m[35m (0.1ms)[0m  [1m[36mbegin transaction[0m
  ↳ db/seeds.rb:11
  [1m[36mApplication Create (0.8ms)[0m  [1m[32mINSERT INTO "applications" ("name", "author", "version", "created_at", "updated_at") VALUES (?, ?, ?, ?, ?)[0m  [["name", "Subin"], ["author", "Mrs. Craig Cummerata"], ["version", "3.8.7"], ["created_at", "2019-07-23 20:04:16.457280"], ["updated_at", "2019-07-23 20:04:16.457280"]]
  ↳ db/seeds.rb:11
  [1m[35m (14.5ms)[0m  [1m[36mcommit transaction[0m
  ↳ db/seeds.rb:11
  [1m[35m (0.1ms)[0m  [1m[36mbegin transaction[0m
  ↳ db/seeds.rb:11
  [1m[36mApplication Create (0.3ms)[0m  [1m[32mINSERT INTO "applications" ("name", "author", "version", "created_at", "updated_at") VALUES (?, ?, ?, ?, ?)[0m  [["name", "Veribet"], ["author", "Giovanni Toy"], ["version", "7.5.6"], ["created_at", "2019-07-23 20:04:16.504455"], ["updated_at", "2019-07-23 20:04:16.504455"]]
  ↳ db/seeds.rb:11
  [1m[35m (13.7ms)[0m  [1m[36mcommit transaction[0m
  ↳ db/seeds.rb:11
  [1m[35m (0.1ms)[0m  [1m[36mbegin transaction[0m
  ↳ db/seeds.rb:11
  [1m[36mApplication Create (0.2ms)[0m  [1m[32mINSERT INTO "applications" ("name", "author", "version", "created_at", "updated_at") VALUES (?, ?, ?, ?, ?)[0m  [["name", "Redhold"], ["author", "Hammes-Kris"], ["version", "3.7.7"], ["created_at", "2019-07-23 20:04:16.521184"], ["updated_at", "2019-07-23 20:04:16.521184"]]
  ↳ db/seeds.rb:11
  [1m[35m (11.3ms)[0m  [1m[36mcommit transaction[0m
  ↳ db/seeds.rb:11
  [1m[35m (0.1ms)[0m  [1m[36mbegin transaction[0m
  ↳ db/seeds.rb:11
  [1m[36mApplication Create (0.3ms)[0m  [1m[32mINSERT INTO "applications" ("name", "author", "version", "created_at", "updated_at") VALUES (?, ?, ?, ?, ?)[0m  [["name", "Sub-Ex"], ["author", "Alishia Swift"], ["version", "8.7.7"], ["created_at", "2019-07-23 20:04:16.537692"], ["updated_at", "2019-07-23 20:04:16.537692"]]
  ↳ db/seeds.rb:11
  [1m[35m (20.6ms)[0m  [1m[36mcommit transaction[0m
  ↳ db/seeds.rb:11
  [1m[35m (0.3ms)[0m  [1m[36mbegin transaction[0m
  ↳ db/seeds.rb:11
  [1m[36mApplication Create (0.3ms)[0m  [1m[32mINSERT INTO "applications" ("name", "author", "version", "created_at", "updated_at") VALUES (?, ?, ?, ?, ?)[0m  [["name", "Zaam-Dox"], ["author", "Kutch Inc"], ["version", "9.2.5"], ["created_at", "2019-07-23 20:04:16.563248"], ["updated_at", "2019-07-23 20:04:16.563248"]]
  ↳ db/seeds.rb:11
  [1m[35m (16.8ms)[0m  [1m[36mcommit transaction[0m
  ↳ db/seeds.rb:11
  [1m[35m (0.1ms)[0m  [1m[36mbegin transaction[0m
  ↳ db/seeds.rb:11
  [1m[36mApplication Create (0.9ms)[0m  [1m[32mINSERT INTO "applications" ("name", "author", "version", "created_at", "updated_at") VALUES (?, ?, ?, ?, ?)[0m  [["name", "Bytecard"], ["author", "Hagenes, Olson and Osinski"], ["version", "9.8.6"], ["created_at", "2019-07-23 20:04:16.585139"], ["updated_at", "2019-07-23 20:04:16.585139"]]
  ↳ db/seeds.rb:11
  [1m[35m (11.2ms)[0m  [1m[36mcommit transaction[0m
  ↳ db/seeds.rb:11
  [1m[35m (0.1ms)[0m  [1m[36mbegin transaction[0m
  ↳ db/seeds.rb:11
  [1m[36mApplication Create (0.8ms)[0m  [1m[32mINSERT INTO "applications" ("name", "author", "version", "created_at", "updated_at") VALUES (?, ?, ?, ?, ?)[0m  [["name", "Transcof"], ["author", "Willie Hyatt"], ["version", "4.8.4"], ["created_at", "2019-07-23 20:04:16.600617"], ["updated_at", "2019-07-23 20:04:16.600617"]]
  ↳ db/seeds.rb:11
  [1m[35m (18.1ms)[0m  [1m[36mcommit transaction[0m
  ↳ db/seeds.rb:11
  [1m[35m (0.6ms)[0m  [1m[36mbegin transaction[0m
  ↳ db/seeds.rb:11
  [1m[36mApplication Create (1.9ms)[0m  [1m[32mINSERT INTO "applications" ("name", "author", "version", "created_at", "updated_at") VALUES (?, ?, ?, ?, ?)[0m  [["name", "Voyatouch"], ["author", "Von-Stroman"], ["version", "6.6.1"], ["created_at", "2019-07-23 20:04:16.625237"], ["updated_at", "2019-07-23 20:04:16.625237"]]
  ↳ db/seeds.rb:11
  [1m[35m (12.7ms)[0m  [1m[36mcommit transaction[0m
  ↳ db/seeds.rb:11
  [1m[35m (0.0ms)[0m  [1m[36mbegin transaction[0m
  ↳ db/seeds.rb:11
  [1m[36mApplication Create (0.2ms)[0m  [1m[32mINSERT INTO "applications" ("name", "author", "version", "created_at", "updated_at") VALUES (?, ?, ?, ?, ?)[0m  [["name", "Transcof"], ["author", "Bednar and Sons"], ["version", "8.0.3"], ["created_at", "2019-07-23 20:04:16.644728"], ["updated_at", "2019-07-23 20:04:16.644728"]]
  ↳ db/seeds.rb:11
  [1m[35m (11.4ms)[0m  [1m[36mcommit transaction[0m
  ↳ db/seeds.rb:11
  [1m[35m (0.0ms)[0m  [1m[36mbegin transaction[0m
  ↳ db/seeds.rb:11
  [1m[36mApplication Create (0.2ms)[0m  [1m[32mINSERT INTO "applications" ("name", "author", "version", "created_at", "updated_at") VALUES (?, ?, ?, ?, ?)[0m  [["name", "Zoolab"], ["author", "Nelly Altenwerth V"], ["version", "6.4.4"], ["created_at", "2019-07-23 20:04:16.659401"], ["updated_at", "2019-07-23 20:04:16.659401"]]
  ↳ db/seeds.rb:11
  [1m[35m (11.3ms)[0m  [1m[36mcommit transaction[0m
  ↳ db/seeds.rb:11
  [1m[35m (0.0ms)[0m  [1m[36mbegin transaction[0m
  ↳ db/seeds.rb:11
  [1m[36mApplication Create (0.2ms)[0m  [1m[32mINSERT INTO "applications" ("name", "author", "version", "created_at", "updated_at") VALUES (?, ?, ?, ?, ?)[0m  [["name", "Latlux"], ["author", "Bartell-Gusikowski"], ["version", "9.9.7"], ["created_at", "2019-07-23 20:04:16.675105"], ["updated_at", "2019-07-23 20:04:16.675105"]]
  ↳ db/seeds.rb:11
  [1m[35m (14.3ms)[0m  [1m[36mcommit transaction[0m
  ↳ db/seeds.rb:11
  [1m[35m (0.1ms)[0m  [1m[36mbegin transaction[0m
  ↳ db/seeds.rb:11
  [1m[36mApplication Create (0.2ms)[0m  [1m[32mINSERT INTO "applications" ("name", "author", "version", "created_at", "updated_at") VALUES (?, ?, ?, ?, ?)[0m  [["name", "Hatity"], ["author", "Carter, Ratke and Wisoky"], ["version", "2.5.4"], ["created_at", "2019-07-23 20:04:16.693519"], ["updated_at", "2019-07-23 20:04:16.693519"]]
  ↳ db/seeds.rb:11
  [1m[35m (11.0ms)[0m  [1m[36mcommit transaction[0m
  ↳ db/seeds.rb:11
  [1m[35m (0.0ms)[0m  [1m[36mbegin transaction[0m
  ↳ db/seeds.rb:11
  [1m[36mApplication Create (0.2ms)[0m  [1m[32mINSERT INTO "applications" ("name", "author", "version", "created_at", "updated_at") VALUES (?, ?, ?, ?, ?)[0m  [["name", "Viva"], ["author", "Forrest Stark"], ["version", "5.2.8"], ["created_at", "2019-07-23 20:04:16.708458"], ["updated_at", "2019-07-23 20:04:16.708458"]]
  ↳ db/seeds.rb:11
  [1m[35m (11.4ms)[0m  [1m[36mcommit transaction[0m
  ↳ db/seeds.rb:11
  [1m[35m (0.5ms)[0m  [1m[36mbegin transaction[0m
  ↳ db/seeds.rb:11
  [1m[36mApplication Create (0.9ms)[0m  [1m[32mINSERT INTO "applications" ("name", "author", "version", "created_at", "updated_at") VALUES (?, ?, ?, ?, ?)[0m  [["name", "Gembucket"], ["author", "Lanie Kozey"], ["version", "3.1.3"], ["created_at", "2019-07-23 20:04:16.724564"], ["updated_at", "2019-07-23 20:04:16.724564"]]
  ↳ db/seeds.rb:11
  [1m[35m (10.8ms)[0m  [1m[36mcommit transaction[0m
  ↳ db/seeds.rb:11
  [1m[35m (0.0ms)[0m  [1m[36mbegin transaction[0m
  ↳ db/seeds.rb:11
  [1m[36mApplication Create (0.2ms)[0m  [1m[32mINSERT INTO "applications" ("name", "author", "version", "created_at", "updated_at") VALUES (?, ?, ?, ?, ?)[0m  [["name", "Redhold"], ["author", "Justin Schoen I"], ["version", "3.8.9"], ["created_at", "2019-07-23 20:04:16.739551"], ["updated_at", "2019-07-23 20:04:16.739551"]]
  ↳ db/seeds.rb:11
  [1m[35m (10.4ms)[0m  [1m[36mcommit transaction[0m
  ↳ db/seeds.rb:11
  [1m[35m (0.1ms)[0m  [1m[36mbegin transaction[0m
  ↳ db/seeds.rb:11
  [1m[36mApplication Create (0.2ms)[0m  [1m[32mINSERT INTO "applications" ("name", "author", "version", "created_at", "updated_at") VALUES (?, ?, ?, ?, ?)[0m  [["name", "Zontrax"], ["author", "Brekke-Hackett"], ["version", "7.9.2"], ["created_at", "2019-07-23 20:04:16.756147"], ["updated_at", "2019-07-23 20:04:16.756147"]]
  ↳ db/seeds.rb:11
  [1m[35m (12.5ms)[0m  [1m[36mcommit transaction[0m
  ↳ db/seeds.rb:11
  [1m[35m (0.0ms)[0m  [1m[36mbegin transaction[0m
  ↳ db/seeds.rb:11
  [1m[36mApplication Create (0.2ms)[0m  [1m[32mINSERT INTO "applications" ("name", "author", "version", "created_at", "updated_at") VALUES (?, ?, ?, ?, ?)[0m  [["name", "Asoka"], ["author", "Clay Cole"], ["version", "4.0.2"], ["created_at", "2019-07-23 20:04:16.771217"], ["updated_at", "2019-07-23 20:04:16.771217"]]
  ↳ db/seeds.rb:11
  [1m[35m (11.5ms)[0m  [1m[36mcommit transaction[0m
  ↳ db/seeds.rb:11
  [1m[35m (0.0ms)[0m  [1m[36mbegin transaction[0m
  ↳ db/seeds.rb:11
  [1m[36mApplication Create (0.2ms)[0m  [1m[32mINSERT INTO "applications" ("name", "author", "version", "created_at", "updated_at") VALUES (?, ?, ?, ?, ?)[0m  [["name", "Home Ing"], ["author", "Kisha Goldner"], ["version", "1.4.2"], ["created_at", "2019-07-23 20:04:16.787728"], ["updated_at", "2019-07-23 20:04:16.787728"]]
  ↳ db/seeds.rb:11
  [1m[35m (10.7ms)[0m  [1m[36mcommit transaction[0m
  ↳ db/seeds.rb:11
  [1m[35m (0.2ms)[0m  [1m[36mbegin transaction[0m
  ↳ db/seeds.rb:11
  [1m[36mApplication Create (0.7ms)[0m  [1m[32mINSERT INTO "applications" ("name", "author", "version", "created_at", "updated_at") VALUES (?, ?, ?, ?, ?)[0m  [["name", "Voyatouch"], ["author", "Jodie Ankunding"], ["version", "9.4.2"], ["created_at", "2019-07-23 20:04:16.813211"], ["updated_at", "2019-07-23 20:04:16.813211"]]
  ↳ db/seeds.rb:11
  [1m[35m (13.5ms)[0m  [1m[36mcommit transaction[0m
  ↳ db/seeds.rb:11
  [1m[35m (0.1ms)[0m  [1m[36mbegin transaction[0m
  ↳ db/seeds.rb:11
  [1m[36mApplication Create (0.8ms)[0m  [1m[32mINSERT INTO "applications" ("name", "author", "version", "created_at", "updated_at") VALUES (?, ?, ?, ?, ?)[0m  [["name", "Zathin"], ["author", "Mr. Laverna Goyette"], ["version", "9.8.8"], ["created_at", "2019-07-23 20:04:16.842933"], ["updated_at", "2019-07-23 20:04:16.842933"]]
  ↳ db/seeds.rb:11
  [1m[35m (14.7ms)[0m  [1m[36mcommit transaction[0m
  ↳ db/seeds.rb:11
  [1m[35m (0.1ms)[0m  [1m[36mbegin transaction[0m
  ↳ db/seeds.rb:11
  [1m[36mApplication Create (0.9ms)[0m  [1m[32mINSERT INTO "applications" ("name", "author", "version", "created_at", "updated_at") VALUES (?, ?, ?, ?, ?)[0m  [["name", "Temp"], ["author", "Melodee Smitham"], ["version", "4.10.6"], ["created_at", "2019-07-23 20:04:16.885955"], ["updated_at", "2019-07-23 20:04:16.885955"]]
  ↳ db/seeds.rb:11
  [1m[35m (14.2ms)[0m  [1m[36mcommit transaction[0m
  ↳ db/seeds.rb:11
  [1m[35m (0.5ms)[0m  [1m[36mbegin transaction[0m
  ↳ db/seeds.rb:11
  [1m[36mApplication Create (0.6ms)[0m  [1m[32mINSERT INTO "applications" ("name", "author", "version", "created_at", "updated_at") VALUES (?, ?, ?, ?, ?)[0m  [["name", "Treeflex"], ["author", "Bednar Group"], ["version", "2.0.3"], ["created_at", "2019-07-23 20:04:16.916719"], ["updated_at", "2019-07-23 20:04:16.916719"]]
  ↳ db/seeds.rb:11
  [1m[35m (15.1ms)[0m  [1m[36mcommit transaction[0m
  ↳ db/seeds.rb:11
  [1m[35m (0.2ms)[0m  [1m[36mbegin transaction[0m
  ↳ db/seeds.rb:11
  [1m[36mApplication Create (0.6ms)[0m  [1m[32mINSERT INTO "applications" ("name", "author", "version", "created_at", "updated_at") VALUES (?, ?, ?, ?, ?)[0m  [["name", "Sub-Ex"], ["author", "Emard and Sons"], ["version", "2.8.4"], ["created_at", "2019-07-23 20:04:16.946751"], ["updated_at", "2019-07-23 20:04:16.946751"]]
  ↳ db/seeds.rb:11
  [1m[35m (11.2ms)[0m  [1m[36mcommit transaction[0m
  ↳ db/seeds.rb:11
  [1m[35m (0.1ms)[0m  [1m[36mbegin transaction[0m
  ↳ db/seeds.rb:11
  [1m[36mApplication Create (0.9ms)[0m  [1m[32mINSERT INTO "applications" ("name", "author", "version", "created_at", "updated_at") VALUES (?, ?, ?, ?, ?)[0m  [["name", "Voltsillam"], ["author", "Brown-Larson"], ["version", "9.0.8"], ["created_at", "2019-07-23 20:04:16.970328"], ["updated_at", "2019-07-23 20:04:16.970328"]]
  ↳ db/seeds.rb:11
  [1m[35m (15.5ms)[0m  [1m[36mcommit transaction[0m
  ↳ db/seeds.rb:11
  [1m[35m (0.1ms)[0m  [1m[36mbegin transaction[0m
  ↳ db/seeds.rb:11
  [1m[36mApplication Create (0.6ms)[0m  [1m[32mINSERT INTO "applications" ("name", "author", "version", "created_at", "updated_at") VALUES (?, ?, ?, ?, ?)[0m  [["name", "Rank"], ["author", "Marian Davis"], ["version", "9.2.5"], ["created_at", "2019-07-23 20:04:16.995865"], ["updated_at", "2019-07-23 20:04:16.995865"]]
  ↳ db/seeds.rb:11
  [1m[35m (11.5ms)[0m  [1m[36mcommit transaction[0m
  ↳ db/seeds.rb:11
  [1m[35m (0.2ms)[0m  [1m[36mbegin transaction[0m
  ↳ db/seeds.rb:11
  [1m[36mApplication Create (0.6ms)[0m  [1m[32mINSERT INTO "applications" ("name", "author", "version", "created_at", "updated_at") VALUES (?, ?, ?, ?, ?)[0m  [["name", "Tresom"], ["author", "Merle Kozey"], ["version", "6.10.6"], ["created_at", "2019-07-23 20:04:17.021039"], ["updated_at", "2019-07-23 20:04:17.021039"]]
  ↳ db/seeds.rb:11
  [1m[35m (22.5ms)[0m  [1m[36mcommit transaction[0m
  ↳ db/seeds.rb:11
  [1m[35m (0.1ms)[0m  [1m[34mSELECT "schema_migrations"."version" FROM "schema_migrations" ORDER BY "schema_migrations"."version" ASC[0m
  ↳ bin/rails:9
  [1m[36mApplication Destroy (13.4ms)[0m  [1m[31mDELETE FROM "applications"[0m
  ↳ db/seeds.rb:8
  [1m[35m (0.0ms)[0m  [1m[36mbegin transaction[0m
  ↳ db/seeds.rb:11
  [1m[36mApplication Create (0.2ms)[0m  [1m[32mINSERT INTO "applications" ("name", "author", "version", "created_at", "updated_at") VALUES (?, ?, ?, ?, ?)[0m  [["name", "Aerified"], ["author", "Ms. Valene Beer"], ["version", "7.8.9"], ["created_at", "2019-07-23 20:05:11.600525"], ["updated_at", "2019-07-23 20:05:11.600525"]]
  ↳ db/seeds.rb:11
  [1m[35m (10.4ms)[0m  [1m[36mcommit transaction[0m
  ↳ db/seeds.rb:11
  [1m[35m (0.1ms)[0m  [1m[36mbegin transaction[0m
  ↳ db/seeds.rb:11
  [1m[36mApplication Create (0.2ms)[0m  [1m[32mINSERT INTO "applications" ("name", "author", "version", "created_at", "updated_at") VALUES (?, ?, ?, ?, ?)[0m  [["name", "Prodder"], ["author", "Lockman Group"], ["version", "3.2.1"], ["created_at", "2019-07-23 20:05:11.613477"], ["updated_at", "2019-07-23 20:05:11.613477"]]
  ↳ db/seeds.rb:11
  [1m[35m (11.7ms)[0m  [1m[36mcommit transaction[0m
  ↳ db/seeds.rb:11
  [1m[35m (0.1ms)[0m  [1m[36mbegin transaction[0m
  ↳ db/seeds.rb:11
  [1m[36mApplication Create (0.2ms)[0m  [1m[32mINSERT INTO "applications" ("name", "author", "version", "created_at", "updated_at") VALUES (?, ?, ?, ?, ?)[0m  [["name", "Bytecard"], ["author", "Johnny Metz"], ["version", "2.3.3"], ["created_at", "2019-07-23 20:05:11.629787"], ["updated_at", "2019-07-23 20:05:11.629787"]]
  ↳ db/seeds.rb:11
  [1m[35m (10.5ms)[0m  [1m[36mcommit transaction[0m
  ↳ db/seeds.rb:11
  [1m[35m (0.4ms)[0m  [1m[36mbegin transaction[0m
  ↳ db/seeds.rb:11
  [1m[36mApplication Create (0.2ms)[0m  [1m[32mINSERT INTO "applications" ("name", "author", "version", "created_at", "updated_at") VALUES (?, ?, ?, ?, ?)[0m  [["name", "Zathin"], ["author", "Legros, Mante and Connelly"], ["version", "9.8.9"], ["created_at", "2019-07-23 20:05:11.646454"], ["updated_at", "2019-07-23 20:05:11.646454"]]
  ↳ db/seeds.rb:11
  [1m[35m (10.3ms)[0m  [1m[36mcommit transaction[0m
  ↳ db/seeds.rb:11
  [1m[35m (0.0ms)[0m  [1m[36mbegin transaction[0m
  ↳ db/seeds.rb:11
  [1m[36mApplication Create (0.2ms)[0m  [1m[32mINSERT INTO "applications" ("name", "author", "version", "created_at", "updated_at") VALUES (?, ?, ?, ?, ?)[0m  [["name", "Redhold"], ["author", "Cammie Bruen Sr."], ["version", "2.8.7"], ["created_at", "2019-07-23 20:05:11.658941"], ["updated_at", "2019-07-23 20:05:11.658941"]]
  ↳ db/seeds.rb:11
  [1m[35m (10.4ms)[0m  [1m[36mcommit transaction[0m
  ↳ db/seeds.rb:11
  [1m[35m (0.2ms)[0m  [1m[36mbegin transaction[0m
  ↳ db/seeds.rb:11
  [1m[36mApplication Create (0.2ms)[0m  [1m[32mINSERT INTO "applications" ("name", "author", "version", "created_at", "updated_at") VALUES (?, ?, ?, ?, ?)[0m  [["name", "Overhold"], ["author", "Kareem Kris"], ["version", "1.2.8"], ["created_at", "2019-07-23 20:05:11.672633"], ["updated_at", "2019-07-23 20:05:11.672633"]]
  ↳ db/seeds.rb:11
  [1m[35m (13.9ms)[0m  [1m[36mcommit transaction[0m
  ↳ db/seeds.rb:11
  [1m[35m (0.0ms)[0m  [1m[36mbegin transaction[0m
  ↳ db/seeds.rb:11
  [1m[36mApplication Create (0.2ms)[0m  [1m[32mINSERT INTO "applications" ("name", "author", "version", "created_at", "updated_at") VALUES (?, ?, ?, ?, ?)[0m  [["name", "Tempsoft"], ["author", "Neville Labadie"], ["version", "8.6.3"], ["created_at", "2019-07-23 20:05:11.690855"], ["updated_at", "2019-07-23 20:05:11.690855"]]
  ↳ db/seeds.rb:11
  [1m[35m (10.8ms)[0m  [1m[36mcommit transaction[0m
  ↳ db/seeds.rb:11
  [1m[35m (0.3ms)[0m  [1m[36mbegin transaction[0m
  ↳ db/seeds.rb:11
  [1m[36mApplication Create (2.0ms)[0m  [1m[32mINSERT INTO "applications" ("name", "author", "version", "created_at", "updated_at") VALUES (?, ?, ?, ?, ?)[0m  [["name", "Overhold"], ["author", "Barbie Hessel"], ["version", "9.10.4"], ["created_at", "2019-07-23 20:05:11.707369"], ["updated_at", "2019-07-23 20:05:11.707369"]]
  ↳ db/seeds.rb:11
  [1m[35m (13.4ms)[0m  [1m[36mcommit transaction[0m
  ↳ db/seeds.rb:11
  [1m[35m (0.2ms)[0m  [1m[36mbegin transaction[0m
  ↳ db/seeds.rb:11
  [1m[36mApplication Create (1.1ms)[0m  [1m[32mINSERT INTO "applications" ("name", "author", "version", "created_at", "updated_at") VALUES (?, ?, ?, ?, ?)[0m  [["name", "Ventosanzap"], ["author", "Ocie Moen III"], ["version", "4.7.2"], ["created_at", "2019-07-23 20:05:11.734230"], ["updated_at", "2019-07-23 20:05:11.734230"]]
  ↳ db/seeds.rb:11
  [1m[35m (11.3ms)[0m  [1m[36mcommit transaction[0m
  ↳ db/seeds.rb:11
  [1m[35m (0.1ms)[0m  [1m[36mbegin transaction[0m
  ↳ db/seeds.rb:11
  [1m[36mApplication Create (1.1ms)[0m  [1m[32mINSERT INTO "applications" ("name", "author", "version", "created_at", "updated_at") VALUES (?, ?, ?, ?, ?)[0m  [["name", "Gembucket"], ["author", "Blanda, Corkery and O'Keefe"], ["version", "1.0.4"], ["created_at", "2019-07-23 20:05:11.770839"], ["updated_at", "2019-07-23 20:05:11.770839"]]
  ↳ db/seeds.rb:11
  [1m[35m (10.5ms)[0m  [1m[36mcommit transaction[0m
  ↳ db/seeds.rb:11
  [1m[35m (0.1ms)[0m  [1m[36mbegin transaction[0m
  ↳ db/seeds.rb:11
  [1m[36mApplication Create (0.2ms)[0m  [1m[32mINSERT INTO "applications" ("name", "author", "version", "created_at", "updated_at") VALUES (?, ?, ?, ?, ?)[0m  [["name", "Zaam-Dox"], ["author", "Pagac Inc"], ["version", "6.7.1"], ["created_at", "2019-07-23 20:05:11.788785"], ["updated_at", "2019-07-23 20:05:11.788785"]]
  ↳ db/seeds.rb:11
  [1m[35m (12.0ms)[0m  [1m[36mcommit transaction[0m
  ↳ db/seeds.rb:11
  [1m[35m (0.1ms)[0m  [1m[36mbegin transaction[0m
  ↳ db/seeds.rb:11
  [1m[36mApplication Create (0.2ms)[0m  [1m[32mINSERT INTO "applications" ("name", "author", "version", "created_at", "updated_at") VALUES (?, ?, ?, ?, ?)[0m  [["name", "Flowdesk"], ["author", "Virgilio Dooley"], ["version", "9.6.5"], ["created_at", "2019-07-23 20:05:11.804057"], ["updated_at", "2019-07-23 20:05:11.804057"]]
  ↳ db/seeds.rb:11
  [1m[35m (14.0ms)[0m  [1m[36mcommit transaction[0m
  ↳ db/seeds.rb:11
  [1m[35m (0.1ms)[0m  [1m[36mbegin transaction[0m
  ↳ db/seeds.rb:11
  [1m[36mApplication Create (0.3ms)[0m  [1m[32mINSERT INTO "applications" ("name", "author", "version", "created_at", "updated_at") VALUES (?, ?, ?, ?, ?)[0m  [["name", "Ronstring"], ["author", "Spinka-Brakus"], ["version", "5.1.8"], ["created_at", "2019-07-23 20:05:11.821378"], ["updated_at", "2019-07-23 20:05:11.821378"]]
  ↳ db/seeds.rb:11
  [1m[35m (15.7ms)[0m  [1m[36mcommit transaction[0m
  ↳ db/seeds.rb:11
  [1m[35m (0.0ms)[0m  [1m[36mbegin transaction[0m
  ↳ db/seeds.rb:11
  [1m[36mApplication Create (0.2ms)[0m  [1m[32mINSERT INTO "applications" ("name", "author", "version", "created_at", "updated_at") VALUES (?, ?, ?, ?, ?)[0m  [["name", "Tresom"], ["author", "Dicki-Dietrich"], ["version", "3.4.4"], ["created_at", "2019-07-23 20:05:11.841577"], ["updated_at", "2019-07-23 20:05:11.841577"]]
  ↳ db/seeds.rb:11
  [1m[35m (11.0ms)[0m  [1m[36mcommit transaction[0m
  ↳ db/seeds.rb:11
  [1m[35m (0.0ms)[0m  [1m[36mbegin transaction[0m
  ↳ db/seeds.rb:11
  [1m[36mApplication Create (0.2ms)[0m  [1m[32mINSERT INTO "applications" ("name", "author", "version", "created_at", "updated_at") VALUES (?, ?, ?, ?, ?)[0m  [["name", "Bigtax"], ["author", "Zemlak Inc"], ["version", "6.10.2"], ["created_at", "2019-07-23 20:05:11.855366"], ["updated_at", "2019-07-23 20:05:11.855366"]]
  ↳ db/seeds.rb:11
  [1m[35m (10.3ms)[0m  [1m[36mcommit transaction[0m
  ↳ db/seeds.rb:11
  [1m[35m (0.1ms)[0m  [1m[36mbegin transaction[0m
  ↳ db/seeds.rb:11
  [1m[36mApplication Create (0.2ms)[0m  [1m[32mINSERT INTO "applications" ("name", "author", "version", "created_at", "updated_at") VALUES (?, ?, ?, ?, ?)[0m  [["name", "Fixflex"], ["author", "Windler Group"], ["version", "6.0.2"], ["created_at", "2019-07-23 20:05:11.868320"], ["updated_at", "2019-07-23 20:05:11.868320"]]
  ↳ db/seeds.rb:11
  [1m[35m (13.0ms)[0m  [1m[36mcommit transaction[0m
  ↳ db/seeds.rb:11
  [1m[35m (0.1ms)[0m  [1m[36mbegin transaction[0m
  ↳ db/seeds.rb:11
  [1m[36mApplication Create (0.6ms)[0m  [1m[32mINSERT INTO "applications" ("name", "author", "version", "created_at", "updated_at") VALUES (?, ?, ?, ?, ?)[0m  [["name", "Namfix"], ["author", "Lashunda Reinger"], ["version", "2.5.3"], ["created_at", "2019-07-23 20:05:11.887039"], ["updated_at", "2019-07-23 20:05:11.887039"]]
  ↳ db/seeds.rb:11
  [1m[35m (12.3ms)[0m  [1m[36mcommit transaction[0m
  ↳ db/seeds.rb:11
  [1m[35m (0.1ms)[0m  [1m[36mbegin transaction[0m
  ↳ db/seeds.rb:11
  [1m[36mApplication Create (0.6ms)[0m  [1m[32mINSERT INTO "applications" ("name", "author", "version", "created_at", "updated_at") VALUES (?, ?, ?, ?, ?)[0m  [["name", "Stim"], ["author", "Batz, Frami and Windler"], ["version", "8.7.7"], ["created_at", "2019-07-23 20:05:11.907181"], ["updated_at", "2019-07-23 20:05:11.907181"]]
  ↳ db/seeds.rb:11
  [1m[35m (11.2ms)[0m  [1m[36mcommit transaction[0m
  ↳ db/seeds.rb:11
  [1m[35m (0.1ms)[0m  [1m[36mbegin transaction[0m
  ↳ db/seeds.rb:11
  [1m[36mApplication Create (1.5ms)[0m  [1m[32mINSERT INTO "applications" ("name", "author", "version", "created_at", "updated_at") VALUES (?, ?, ?, ?, ?)[0m  [["name", "Konklab"], ["author", "Charline Schumm II"], ["version", "7.5.3"], ["created_at", "2019-07-23 20:05:11.928317"], ["updated_at", "2019-07-23 20:05:11.928317"]]
  ↳ db/seeds.rb:11
  [1m[35m (14.1ms)[0m  [1m[36mcommit transaction[0m
  ↳ db/seeds.rb:11
  [1m[35m (0.1ms)[0m  [1m[36mbegin transaction[0m
  ↳ db/seeds.rb:11
  [1m[36mApplication Create (0.5ms)[0m  [1m[32mINSERT INTO "applications" ("name", "author", "version", "created_at", "updated_at") VALUES (?, ?, ?, ?, ?)[0m  [["name", "Cardify"], ["author", "Bergnaum Inc"], ["version", "9.3.8"], ["created_at", "2019-07-23 20:05:11.954248"], ["updated_at", "2019-07-23 20:05:11.954248"]]
  ↳ db/seeds.rb:11
  [1m[35m (14.7ms)[0m  [1m[36mcommit transaction[0m
  ↳ db/seeds.rb:11
  [1m[35m (0.1ms)[0m  [1m[36mbegin transaction[0m
  ↳ db/seeds.rb:11
  [1m[36mApplication Create (0.6ms)[0m  [1m[32mINSERT INTO "applications" ("name", "author", "version", "created_at", "updated_at") VALUES (?, ?, ?, ?, ?)[0m  [["name", "It"], ["author", "Amira Herman"], ["version", "1.5.9"], ["created_at", "2019-07-23 20:05:11.974338"], ["updated_at", "2019-07-23 20:05:11.974338"]]
  ↳ db/seeds.rb:11
  [1m[35m (10.9ms)[0m  [1m[36mcommit transaction[0m
  ↳ db/seeds.rb:11
  [1m[35m (0.1ms)[0m  [1m[36mbegin transaction[0m
  ↳ db/seeds.rb:11
  [1m[36mApplication Create (0.4ms)[0m  [1m[32mINSERT INTO "applications" ("name", "author", "version", "created_at", "updated_at") VALUES (?, ?, ?, ?, ?)[0m  [["name", "Greenlam"], ["author", "David Dickens I"], ["version", "8.9.8"], ["created_at", "2019-07-23 20:05:11.996058"], ["updated_at", "2019-07-23 20:05:11.996058"]]
  ↳ db/seeds.rb:11
  [1m[35m (10.8ms)[0m  [1m[36mcommit transaction[0m
  ↳ db/seeds.rb:11
  [1m[35m (0.1ms)[0m  [1m[36mbegin transaction[0m
  ↳ db/seeds.rb:11
  [1m[36mApplication Create (0.4ms)[0m  [1m[32mINSERT INTO "applications" ("name", "author", "version", "created_at", "updated_at") VALUES (?, ?, ?, ?, ?)[0m  [["name", "Cardify"], ["author", "Dicki-Goodwin"], ["version", "4.10.1"], ["created_at", "2019-07-23 20:05:12.013151"], ["updated_at", "2019-07-23 20:05:12.013151"]]
  ↳ db/seeds.rb:11
  [1m[35m (14.0ms)[0m  [1m[36mcommit transaction[0m
  ↳ db/seeds.rb:11
  [1m[35m (0.1ms)[0m  [1m[36mbegin transaction[0m
  ↳ db/seeds.rb:11
  [1m[36mApplication Create (0.4ms)[0m  [1m[32mINSERT INTO "applications" ("name", "author", "version", "created_at", "updated_at") VALUES (?, ?, ?, ?, ?)[0m  [["name", "Bigtax"], ["author", "Jake Baumbach I"], ["version", "7.8.9"], ["created_at", "2019-07-23 20:05:12.033456"], ["updated_at", "2019-07-23 20:05:12.033456"]]
  ↳ db/seeds.rb:11
  [1m[35m (10.7ms)[0m  [1m[36mcommit transaction[0m
  ↳ db/seeds.rb:11
  [1m[35m (0.1ms)[0m  [1m[36mbegin transaction[0m
  ↳ db/seeds.rb:11
  [1m[36mApplication Create (1.3ms)[0m  [1m[32mINSERT INTO "applications" ("name", "author", "version", "created_at", "updated_at") VALUES (?, ?, ?, ?, ?)[0m  [["name", "Tin"], ["author", "Johnette Langworth"], ["version", "8.1.9"], ["created_at", "2019-07-23 20:05:12.051970"], ["updated_at", "2019-07-23 20:05:12.051970"]]
  ↳ db/seeds.rb:11
  [1m[35m (15.3ms)[0m  [1m[36mcommit transaction[0m
  ↳ db/seeds.rb:11
  [1m[35m (0.1ms)[0m  [1m[36mbegin transaction[0m
  ↳ db/seeds.rb:11
  [1m[36mApplication Create (1.9ms)[0m  [1m[32mINSERT INTO "applications" ("name", "author", "version", "created_at", "updated_at") VALUES (?, ?, ?, ?, ?)[0m  [["name", "Holdlamis"], ["author", "Hintz, Wuckert and Friesen"], ["version", "8.6.6"], ["created_at", "2019-07-23 20:05:12.104248"], ["updated_at", "2019-07-23 20:05:12.104248"]]
  ↳ db/seeds.rb:11
  [1m[35m (14.3ms)[0m  [1m[36mcommit transaction[0m
  ↳ db/seeds.rb:11
  [1m[35m (0.1ms)[0m  [1m[36mbegin transaction[0m
  ↳ db/seeds.rb:11
  [1m[36mApplication Create (1.9ms)[0m  [1m[32mINSERT INTO "applications" ("name", "author", "version", "created_at", "updated_at") VALUES (?, ?, ?, ?, ?)[0m  [["name", "Tempsoft"], ["author", "Stroman and Sons"], ["version", "3.6.6"], ["created_at", "2019-07-23 20:05:12.124938"], ["updated_at", "2019-07-23 20:05:12.124938"]]
  ↳ db/seeds.rb:11
  [1m[35m (11.1ms)[0m  [1m[36mcommit transaction[0m
  ↳ db/seeds.rb:11
  [1m[35m (0.1ms)[0m  [1m[36mbegin transaction[0m
  ↳ db/seeds.rb:11
  [1m[36mApplication Create (1.1ms)[0m  [1m[32mINSERT INTO "applications" ("name", "author", "version", "created_at", "updated_at") VALUES (?, ?, ?, ?, ?)[0m  [["name", "Konklab"], ["author", "Donya Kirlin"], ["version", "0.5.4"], ["created_at", "2019-07-23 20:05:12.144735"], ["updated_at", "2019-07-23 20:05:12.144735"]]
  ↳ db/seeds.rb:11
  [1m[35m (13.8ms)[0m  [1m[36mcommit transaction[0m
  ↳ db/seeds.rb:11
  [1m[35m (0.1ms)[0m  [1m[36mbegin transaction[0m
  ↳ db/seeds.rb:11
  [1m[36mApplication Create (0.4ms)[0m  [1m[32mINSERT INTO "applications" ("name", "author", "version", "created_at", "updated_at") VALUES (?, ?, ?, ?, ?)[0m  [["name", "Stim"], ["author", "VonRueden and Sons"], ["version", "0.8.7"], ["created_at", "2019-07-23 20:05:12.166964"], ["updated_at", "2019-07-23 20:05:12.166964"]]
  ↳ db/seeds.rb:11
  [1m[35m (10.7ms)[0m  [1m[36mcommit transaction[0m
  ↳ db/seeds.rb:11
  [1m[35m (0.1ms)[0m  [1m[36mbegin transaction[0m
  ↳ db/seeds.rb:11
  [1m[36mApplication Create (0.4ms)[0m  [1m[32mINSERT INTO "applications" ("name", "author", "version", "created_at", "updated_at") VALUES (?, ?, ?, ?, ?)[0m  [["name", "Tresom"], ["author", "Collins-Kuphal"], ["version", "1.2.7"], ["created_at", "2019-07-23 20:05:12.187343"], ["updated_at", "2019-07-23 20:05:12.187343"]]
  ↳ db/seeds.rb:11
  [1m[35m (10.8ms)[0m  [1m[36mcommit transaction[0m
  ↳ db/seeds.rb:11
  [1m[35m (0.1ms)[0m  [1m[36mbegin transaction[0m
  ↳ db/seeds.rb:11
  [1m[36mApplication Create (1.2ms)[0m  [1m[32mINSERT INTO "applications" ("name", "author", "version", "created_at", "updated_at") VALUES (?, ?, ?, ?, ?)[0m  [["name", "Job"], ["author", "Miss Chae Kerluke"], ["version", "9.4.8"], ["created_at", "2019-07-23 20:05:12.204485"], ["updated_at", "2019-07-23 20:05:12.204485"]]
  ↳ db/seeds.rb:11
  [1m[35m (10.9ms)[0m  [1m[36mcommit transaction[0m
  ↳ db/seeds.rb:11
  [1m[35m (0.1ms)[0m  [1m[36mbegin transaction[0m
  ↳ db/seeds.rb:11
  [1m[36mApplication Create (0.4ms)[0m  [1m[32mINSERT INTO "applications" ("name", "author", "version", "created_at", "updated_at") VALUES (?, ?, ?, ?, ?)[0m  [["name", "Home Ing"], ["author", "Kreiger, Moore and Walsh"], ["version", "1.7.1"], ["created_at", "2019-07-23 20:05:12.221385"], ["updated_at", "2019-07-23 20:05:12.221385"]]
  ↳ db/seeds.rb:11
  [1m[35m (10.9ms)[0m  [1m[36mcommit transaction[0m
  ↳ db/seeds.rb:11
  [1m[35m (0.1ms)[0m  [1m[36mbegin transaction[0m
  ↳ db/seeds.rb:11
  [1m[36mApplication Create (1.7ms)[0m  [1m[32mINSERT INTO "applications" ("name", "author", "version", "created_at", "updated_at") VALUES (?, ?, ?, ?, ?)[0m  [["name", "Bamity"], ["author", "Effertz-Tromp"], ["version", "8.0.1"], ["created_at", "2019-07-23 20:05:12.237408"], ["updated_at", "2019-07-23 20:05:12.237408"]]
  ↳ db/seeds.rb:11
  [1m[35m (14.6ms)[0m  [1m[36mcommit transaction[0m
  ↳ db/seeds.rb:11
  [1m[35m (0.1ms)[0m  [1m[36mbegin transaction[0m
  ↳ db/seeds.rb:11
  [1m[36mApplication Create (1.2ms)[0m  [1m[32mINSERT INTO "applications" ("name", "author", "version", "created_at", "updated_at") VALUES (?, ?, ?, ?, ?)[0m  [["name", "Sub-Ex"], ["author", "Weimann-Nikolaus"], ["version", "3.9.4"], ["created_at", "2019-07-23 20:05:12.260057"], ["updated_at", "2019-07-23 20:05:12.260057"]]
  ↳ db/seeds.rb:11
  [1m[35m (11.4ms)[0m  [1m[36mcommit transaction[0m
  ↳ db/seeds.rb:11
  [1m[35m (0.1ms)[0m  [1m[36mbegin transaction[0m
  ↳ db/seeds.rb:11
  [1m[36mApplication Create (1.0ms)[0m  [1m[32mINSERT INTO "applications" ("name", "author", "version", "created_at", "updated_at") VALUES (?, ?, ?, ?, ?)[0m  [["name", "Wrapsafe"], ["author", "Reichert-Sporer"], ["version", "4.7.4"], ["created_at", "2019-07-23 20:05:12.279810"], ["updated_at", "2019-07-23 20:05:12.279810"]]
  ↳ db/seeds.rb:11
  [1m[35m (10.8ms)[0m  [1m[36mcommit transaction[0m
  ↳ db/seeds.rb:11
  [1m[35m (0.1ms)[0m  [1m[36mbegin transaction[0m
  ↳ db/seeds.rb:11
  [1m[36mApplication Create (1.7ms)[0m  [1m[32mINSERT INTO "applications" ("name", "author", "version", "created_at", "updated_at") VALUES (?, ?, ?, ?, ?)[0m  [["name", "Flexidy"], ["author", "Dr. Elmo Windler"], ["version", "0.1.5"], ["created_at", "2019-07-23 20:05:12.298681"], ["updated_at", "2019-07-23 20:05:12.298681"]]
  ↳ db/seeds.rb:11
  [1m[35m (13.7ms)[0m  [1m[36mcommit transaction[0m
  ↳ db/seeds.rb:11
  [1m[35m (0.1ms)[0m  [1m[36mbegin transaction[0m
  ↳ db/seeds.rb:11
  [1m[36mApplication Create (0.5ms)[0m  [1m[32mINSERT INTO "applications" ("name", "author", "version", "created_at", "updated_at") VALUES (?, ?, ?, ?, ?)[0m  [["name", "Stringtough"], ["author", "Yundt LLC"], ["version", "0.4.4"], ["created_at", "2019-07-23 20:05:12.332858"], ["updated_at", "2019-07-23 20:05:12.332858"]]
  ↳ db/seeds.rb:11
  [1m[35m (15.1ms)[0m  [1m[36mcommit transaction[0m
  ↳ db/seeds.rb:11
  [1m[35m (0.1ms)[0m  [1m[36mbegin transaction[0m
  ↳ db/seeds.rb:11
  [1m[36mApplication Create (1.2ms)[0m  [1m[32mINSERT INTO "applications" ("name", "author", "version", "created_at", "updated_at") VALUES (?, ?, ?, ?, ?)[0m  [["name", "Overhold"], ["author", "Cary Weimann"], ["version", "9.9.3"], ["created_at", "2019-07-23 20:05:12.354060"], ["updated_at", "2019-07-23 20:05:12.354060"]]
  ↳ db/seeds.rb:11
  [1m[35m (14.3ms)[0m  [1m[36mcommit transaction[0m
  ↳ db/seeds.rb:11
  [1m[35m (0.1ms)[0m  [1m[36mbegin transaction[0m
  ↳ db/seeds.rb:11
  [1m[36mApplication Create (0.5ms)[0m  [1m[32mINSERT INTO "applications" ("name", "author", "version", "created_at", "updated_at") VALUES (?, ?, ?, ?, ?)[0m  [["name", "Otcom"], ["author", "McCullough Group"], ["version", "6.8.7"], ["created_at", "2019-07-23 20:05:12.375978"], ["updated_at", "2019-07-23 20:05:12.375978"]]
  ↳ db/seeds.rb:11
  [1m[35m (11.2ms)[0m  [1m[36mcommit transaction[0m
  ↳ db/seeds.rb:11
  [1m[35m (0.1ms)[0m  [1m[36mbegin transaction[0m
  ↳ db/seeds.rb:11
  [1m[36mApplication Create (0.4ms)[0m  [1m[32mINSERT INTO "applications" ("name", "author", "version", "created_at", "updated_at") VALUES (?, ?, ?, ?, ?)[0m  [["name", "Tresom"], ["author", "Huel-Kovacek"], ["version", "1.6.2"], ["created_at", "2019-07-23 20:05:12.393783"], ["updated_at", "2019-07-23 20:05:12.393783"]]
  ↳ db/seeds.rb:11
  [1m[35m (13.4ms)[0m  [1m[36mcommit transaction[0m
  ↳ db/seeds.rb:11
  [1m[35m (0.1ms)[0m  [1m[36mbegin transaction[0m
  ↳ db/seeds.rb:11
  [1m[36mApplication Create (0.5ms)[0m  [1m[32mINSERT INTO "applications" ("name", "author", "version", "created_at", "updated_at") VALUES (?, ?, ?, ?, ?)[0m  [["name", "Zoolab"], ["author", "Miss Jess Fisher"], ["version", "7.1.6"], ["created_at", "2019-07-23 20:05:12.413365"], ["updated_at", "2019-07-23 20:05:12.413365"]]
  ↳ db/seeds.rb:11
  [1m[35m (10.6ms)[0m  [1m[36mcommit transaction[0m
  ↳ db/seeds.rb:11
  [1m[35m (0.1ms)[0m  [1m[36mbegin transaction[0m
  ↳ db/seeds.rb:11
  [1m[36mApplication Create (1.3ms)[0m  [1m[32mINSERT INTO "applications" ("name", "author", "version", "created_at", "updated_at") VALUES (?, ?, ?, ?, ?)[0m  [["name", "Konklux"], ["author", "Waters, Koch and Effertz"], ["version", "1.10.5"], ["created_at", "2019-07-23 20:05:12.429864"], ["updated_at", "2019-07-23 20:05:12.429864"]]
  ↳ db/seeds.rb:11
  [1m[35m (12.9ms)[0m  [1m[36mcommit transaction[0m
  ↳ db/seeds.rb:11
  [1m[35m (0.1ms)[0m  [1m[36mbegin transaction[0m
  ↳ db/seeds.rb:11
  [1m[36mApplication Create (1.0ms)[0m  [1m[32mINSERT INTO "applications" ("name", "author", "version", "created_at", "updated_at") VALUES (?, ?, ?, ?, ?)[0m  [["name", "Tin"], ["author", "Erlene Ankunding"], ["version", "1.6.6"], ["created_at", "2019-07-23 20:05:12.457660"], ["updated_at", "2019-07-23 20:05:12.457660"]]
  ↳ db/seeds.rb:11
  [1m[35m (14.5ms)[0m  [1m[36mcommit transaction[0m
  ↳ db/seeds.rb:11
  [1m[35m (0.1ms)[0m  [1m[36mbegin transaction[0m
  ↳ db/seeds.rb:11
  [1m[36mApplication Create (2.1ms)[0m  [1m[32mINSERT INTO "applications" ("name", "author", "version", "created_at", "updated_at") VALUES (?, ?, ?, ?, ?)[0m  [["name", "Cookley"], ["author", "Dare-Lesch"], ["version", "3.2.7"], ["created_at", "2019-07-23 20:05:12.483573"], ["updated_at", "2019-07-23 20:05:12.483573"]]
  ↳ db/seeds.rb:11
  [1m[35m (12.8ms)[0m  [1m[36mcommit transaction[0m
  ↳ db/seeds.rb:11
  [1m[35m (0.1ms)[0m  [1m[36mbegin transaction[0m
  ↳ db/seeds.rb:11
  [1m[36mApplication Create (0.5ms)[0m  [1m[32mINSERT INTO "applications" ("name", "author", "version", "created_at", "updated_at") VALUES (?, ?, ?, ?, ?)[0m  [["name", "Domainer"], ["author", "Keva Weber"], ["version", "1.1.5"], ["created_at", "2019-07-23 20:05:12.508805"], ["updated_at", "2019-07-23 20:05:12.508805"]]
  ↳ db/seeds.rb:11
  [1m[35m (14.9ms)[0m  [1m[36mcommit transaction[0m
  ↳ db/seeds.rb:11
  [1m[35m (0.1ms)[0m  [1m[36mbegin transaction[0m
  ↳ db/seeds.rb:11
  [1m[36mApplication Create (0.5ms)[0m  [1m[32mINSERT INTO "applications" ("name", "author", "version", "created_at", "updated_at") VALUES (?, ?, ?, ?, ?)[0m  [["name", "Flexidy"], ["author", "Ms. Avelina Lesch"], ["version", "6.8.2"], ["created_at", "2019-07-23 20:05:12.538694"], ["updated_at", "2019-07-23 20:05:12.538694"]]
  ↳ db/seeds.rb:11
  [1m[35m (12.0ms)[0m  [1m[36mcommit transaction[0m
  ↳ db/seeds.rb:11
  [1m[35m (0.1ms)[0m  [1m[36mbegin transaction[0m
  ↳ db/seeds.rb:11
  [1m[36mApplication Create (0.4ms)[0m  [1m[32mINSERT INTO "applications" ("name", "author", "version", "created_at", "updated_at") VALUES (?, ?, ?, ?, ?)[0m  [["name", "Domainer"], ["author", "Charissa Renner"], ["version", "0.9.7"], ["created_at", "2019-07-23 20:05:12.565145"], ["updated_at", "2019-07-23 20:05:12.565145"]]
  ↳ db/seeds.rb:11
  [1m[35m (13.0ms)[0m  [1m[36mcommit transaction[0m
  ↳ db/seeds.rb:11
  [1m[35m (0.1ms)[0m  [1m[36mbegin transaction[0m
  ↳ db/seeds.rb:11
  [1m[36mApplication Create (0.5ms)[0m  [1m[32mINSERT INTO "applications" ("name", "author", "version", "created_at", "updated_at") VALUES (?, ?, ?, ?, ?)[0m  [["name", "Temp"], ["author", "Janell Walsh Jr."], ["version", "9.6.4"], ["created_at", "2019-07-23 20:05:12.586500"], ["updated_at", "2019-07-23 20:05:12.586500"]]
  ↳ db/seeds.rb:11
  [1m[35m (14.6ms)[0m  [1m[36mcommit transaction[0m
  ↳ db/seeds.rb:11
  [1m[35m (0.1ms)[0m  [1m[36mbegin transaction[0m
  ↳ db/seeds.rb:11
  [1m[36mApplication Create (0.5ms)[0m  [1m[32mINSERT INTO "applications" ("name", "author", "version", "created_at", "updated_at") VALUES (?, ?, ?, ?, ?)[0m  [["name", "Lotstring"], ["author", "Carlie Hilll"], ["version", "6.1.2"], ["created_at", "2019-07-23 20:05:12.609372"], ["updated_at", "2019-07-23 20:05:12.609372"]]
  ↳ db/seeds.rb:11
  [1m[35m (13.6ms)[0m  [1m[36mcommit transaction[0m
  ↳ db/seeds.rb:11
  [1m[35m (0.1ms)[0m  [1m[36mbegin transaction[0m
  ↳ db/seeds.rb:11
  [1m[36mApplication Create (0.5ms)[0m  [1m[32mINSERT INTO "applications" ("name", "author", "version", "created_at", "updated_at") VALUES (?, ?, ?, ?, ?)[0m  [["name", "Solarbreeze"], ["author", "Beer, Casper and Ortiz"], ["version", "8.10.8"], ["created_at", "2019-07-23 20:05:12.630580"], ["updated_at", "2019-07-23 20:05:12.630580"]]
  ↳ db/seeds.rb:11
  [1m[35m (14.1ms)[0m  [1m[36mcommit transaction[0m
  ↳ db/seeds.rb:11
Started GET "/chuck_fact" for ::1 at 2019-07-23 17:21:26 -0300
  [1m[35m (0.1ms)[0m  [1m[34mSELECT "schema_migrations"."version" FROM "schema_migrations" ORDER BY "schema_migrations"."version" ASC[0m
  ↳ /home/lenovo/.rvm/gems/ruby-2.6.2/gems/activerecord-5.2.3/lib/active_record/log_subscriber.rb:98
Processing by MessageController#chuck as */*
Completed 200 OK in 72ms (Views: 0.2ms | ActiveRecord: 0.0ms)


Started OPTIONS "/chuck_fact" for 127.0.0.1 at 2019-07-23 17:25:40 -0300
  
ActionController::RoutingError (No route matches [OPTIONS] "/chuck_fact"):
  
actionpack (5.2.3) lib/action_dispatch/middleware/debug_exceptions.rb:65:in `call'
actionpack (5.2.3) lib/action_dispatch/middleware/show_exceptions.rb:33:in `call'
railties (5.2.3) lib/rails/rack/logger.rb:38:in `call_app'
railties (5.2.3) lib/rails/rack/logger.rb:26:in `block in call'
activesupport (5.2.3) lib/active_support/tagged_logging.rb:71:in `block in tagged'
activesupport (5.2.3) lib/active_support/tagged_logging.rb:28:in `tagged'
activesupport (5.2.3) lib/active_support/tagged_logging.rb:71:in `tagged'
railties (5.2.3) lib/rails/rack/logger.rb:26:in `call'
actionpack (5.2.3) lib/action_dispatch/middleware/remote_ip.rb:81:in `call'
actionpack (5.2.3) lib/action_dispatch/middleware/request_id.rb:27:in `call'
rack (2.0.7) lib/rack/runtime.rb:22:in `call'
activesupport (5.2.3) lib/active_support/cache/strategy/local_cache_middleware.rb:29:in `call'
actionpack (5.2.3) lib/action_dispatch/middleware/executor.rb:14:in `call'
actionpack (5.2.3) lib/action_dispatch/middleware/static.rb:127:in `call'
rack (2.0.7) lib/rack/sendfile.rb:111:in `call'
railties (5.2.3) lib/rails/engine.rb:524:in `call'
puma (3.12.1) lib/puma/configuration.rb:227:in `call'
puma (3.12.1) lib/puma/server.rb:660:in `handle_request'
puma (3.12.1) lib/puma/server.rb:474:in `process_client'
puma (3.12.1) lib/puma/server.rb:334:in `block in run'
puma (3.12.1) lib/puma/thread_pool.rb:135:in `block in spawn_thread'
Started OPTIONS "/chuck_fact" for 127.0.0.1 at 2019-07-23 17:26:08 -0300
  
ActionController::RoutingError (No route matches [OPTIONS] "/chuck_fact"):
  
actionpack (5.2.3) lib/action_dispatch/middleware/debug_exceptions.rb:65:in `call'
actionpack (5.2.3) lib/action_dispatch/middleware/show_exceptions.rb:33:in `call'
railties (5.2.3) lib/rails/rack/logger.rb:38:in `call_app'
railties (5.2.3) lib/rails/rack/logger.rb:26:in `block in call'
activesupport (5.2.3) lib/active_support/tagged_logging.rb:71:in `block in tagged'
activesupport (5.2.3) lib/active_support/tagged_logging.rb:28:in `tagged'
activesupport (5.2.3) lib/active_support/tagged_logging.rb:71:in `tagged'
railties (5.2.3) lib/rails/rack/logger.rb:26:in `call'
actionpack (5.2.3) lib/action_dispatch/middleware/remote_ip.rb:81:in `call'
actionpack (5.2.3) lib/action_dispatch/middleware/request_id.rb:27:in `call'
rack (2.0.7) lib/rack/runtime.rb:22:in `call'
activesupport (5.2.3) lib/active_support/cache/strategy/local_cache_middleware.rb:29:in `call'
actionpack (5.2.3) lib/action_dispatch/middleware/executor.rb:14:in `call'
actionpack (5.2.3) lib/action_dispatch/middleware/static.rb:127:in `call'
rack (2.0.7) lib/rack/sendfile.rb:111:in `call'
railties (5.2.3) lib/rails/engine.rb:524:in `call'
puma (3.12.1) lib/puma/configuration.rb:227:in `call'
puma (3.12.1) lib/puma/server.rb:660:in `handle_request'
puma (3.12.1) lib/puma/server.rb:474:in `process_client'
puma (3.12.1) lib/puma/server.rb:334:in `block in run'
puma (3.12.1) lib/puma/thread_pool.rb:135:in `block in spawn_thread'
Started GET "/applications" for ::1 at 2019-07-23 17:29:48 -0300
  [1m[35m (0.1ms)[0m  [1m[34mSELECT "schema_migrations"."version" FROM "schema_migrations" ORDER BY "schema_migrations"."version" ASC[0m
  ↳ /home/lenovo/.rvm/gems/ruby-2.6.2/gems/activerecord-5.2.3/lib/active_record/log_subscriber.rb:98
Processing by ApplicationsController#index as */*
  [1m[36mApplication Load (0.2ms)[0m  [1m[34mSELECT "applications".* FROM "applications"[0m
  ↳ app/controllers/applications_controller.rb:8
Completed 200 OK in 16ms (Views: 14.2ms | ActiveRecord: 0.8ms)


Started GET "/chuck_fact" for ::1 at 2019-07-23 17:30:58 -0300
Processing by MessageController#chuck as */*
Completed 200 OK in 116ms (Views: 0.2ms | ActiveRecord: 0.0ms)


Started GET "/chuck_fact" for ::1 at 2019-07-23 17:31:04 -0300
Processing by MessageController#chuck as */*
Completed 200 OK in 1ms (Views: 0.2ms | ActiveRecord: 0.0ms)


Started GET "/chuck_fact" for ::1 at 2019-07-23 17:31:41 -0300
Processing by MessageController#chuck as */*
Completed 200 OK in 1ms (Views: 0.2ms | ActiveRecord: 0.0ms)


Started GET "/chuck_fact" for ::1 at 2019-07-23 17:31:51 -0300
Processing by MessageController#chuck as */*
Completed 200 OK in 0ms (Views: 0.2ms | ActiveRecord: 0.0ms)


Started GET "/chuck_fact" for ::1 at 2019-07-23 17:32:02 -0300
Processing by MessageController#chuck as */*
Completed 200 OK in 0ms (Views: 0.2ms | ActiveRecord: 0.0ms)


Started GET "/chuck_fact" for ::1 at 2019-07-23 17:32:10 -0300
Processing by MessageController#chuck as */*
Completed 200 OK in 0ms (Views: 0.2ms | ActiveRecord: 0.0ms)


Started POST "/applications" for ::1 at 2019-07-23 17:33:40 -0300
Processing by ApplicationsController#create as */*
  Parameters: {"name"=>"My App", "author"=>"McCullough Group", "version"=>"10.0.1", "application"=>{"name"=>"My App", "author"=>"McCullough Group", "version"=>"10.0.1"}}
  [1m[35m (0.1ms)[0m  [1m[36mbegin transaction[0m
  ↳ app/controllers/applications_controller.rb:20
  [1m[36mApplication Create (1.1ms)[0m  [1m[32mINSERT INTO "applications" ("name", "author", "version", "created_at", "updated_at") VALUES (?, ?, ?, ?, ?)[0m  [["name", "My App"], ["author", "McCullough Group"], ["version", "10.0.1"], ["created_at", "2019-07-23 20:33:40.973114"], ["updated_at", "2019-07-23 20:33:40.973114"]]
  ↳ app/controllers/applications_controller.rb:20
  [1m[35m (24.3ms)[0m  [1m[36mcommit transaction[0m
  ↳ app/controllers/applications_controller.rb:20
Completed 201 Created in 36ms (Views: 3.6ms | ActiveRecord: 25.5ms)


Started GET "/applications/151" for ::1 at 2019-07-23 17:35:02 -0300
Processing by ApplicationsController#show as */*
  Parameters: {"id"=>"151"}
  [1m[36mApplication Load (0.7ms)[0m  [1m[34mSELECT  "applications".* FROM "applications" WHERE "applications"."id" = ? LIMIT ?[0m  [["id", 151], ["LIMIT", 1]]
  ↳ app/controllers/applications_controller.rb:44
Completed 200 OK in 9ms (Views: 0.5ms | ActiveRecord: 0.7ms)


Started PUT "/applications/151" for ::1 at 2019-07-23 17:37:05 -0300
Processing by ApplicationsController#update as */*
  Parameters: {"id"=>"151", "version"=>"10.0.2", "application"=>{"id"=>"151", "version"=>"10.0.2"}}
  [1m[36mApplication Load (0.1ms)[0m  [1m[34mSELECT  "applications".* FROM "applications" WHERE "applications"."id" = ? LIMIT ?[0m  [["id", 151], ["LIMIT", 1]]
  ↳ app/controllers/applications_controller.rb:44
Unpermitted parameter: :id
  [1m[35m (0.1ms)[0m  [1m[36mbegin transaction[0m
  ↳ app/controllers/applications_controller.rb:29
  [1m[36mApplication Update (0.3ms)[0m  [1m[33mUPDATE "applications" SET "version" = ?, "updated_at" = ? WHERE "applications"."id" = ?[0m  [["version", "10.0.2"], ["updated_at", "2019-07-23 20:37:05.568318"], ["id", 151]]
  ↳ app/controllers/applications_controller.rb:29
  [1m[35m (30.1ms)[0m  [1m[36mcommit transaction[0m
  ↳ app/controllers/applications_controller.rb:29
Completed 200 OK in 37ms (Views: 0.6ms | ActiveRecord: 30.6ms)


Started PUT "/applications/151" for ::1 at 2019-07-23 17:38:37 -0300
Processing by ApplicationsController#update as */*
  Parameters: {"id"=>"151", "version"=>"10.0.9", "application"=>{"id"=>"151", "version"=>"10.0.9"}}
  [1m[36mApplication Load (0.1ms)[0m  [1m[34mSELECT  "applications".* FROM "applications" WHERE "applications"."id" = ? LIMIT ?[0m  [["id", 151], ["LIMIT", 1]]
  ↳ app/controllers/applications_controller.rb:44
Unpermitted parameter: :id
  [1m[35m (0.1ms)[0m  [1m[36mbegin transaction[0m
  ↳ app/controllers/applications_controller.rb:29
  [1m[36mApplication Update (1.0ms)[0m  [1m[33mUPDATE "applications" SET "version" = ?, "updated_at" = ? WHERE "applications"."id" = ?[0m  [["version", "10.0.9"], ["updated_at", "2019-07-23 20:38:37.179948"], ["id", 151]]
  ↳ app/controllers/applications_controller.rb:29
  [1m[35m (21.1ms)[0m  [1m[36mcommit transaction[0m
  ↳ app/controllers/applications_controller.rb:29
Completed 200 OK in 29ms (Views: 1.3ms | ActiveRecord: 22.3ms)


Started DELETE "/applications/151" for ::1 at 2019-07-23 17:40:09 -0300
Processing by ApplicationsController#destroy as */*
  Parameters: {"id"=>"151", "version"=>"10.0.2", "application"=>{"id"=>"151", "version"=>"10.0.2"}}
  [1m[36mApplication Load (0.1ms)[0m  [1m[34mSELECT  "applications".* FROM "applications" WHERE "applications"."id" = ? LIMIT ?[0m  [["id", 151], ["LIMIT", 1]]
  ↳ app/controllers/applications_controller.rb:44
  [1m[35m (0.1ms)[0m  [1m[36mbegin transaction[0m
  ↳ app/controllers/applications_controller.rb:38
  [1m[36mApplication Destroy (0.4ms)[0m  [1m[31mDELETE FROM "applications" WHERE "applications"."id" = ?[0m  [["id", 151]]
  ↳ app/controllers/applications_controller.rb:38
  [1m[35m (14.6ms)[0m  [1m[36mcommit transaction[0m
  ↳ app/controllers/applications_controller.rb:38
Completed 204 No Content in 19ms (ActiveRecord: 15.2ms)


Started GET "/applications" for ::1 at 2019-07-23 17:40:21 -0300
Processing by ApplicationsController#index as */*
  [1m[36mApplication Load (0.3ms)[0m  [1m[34mSELECT "applications".* FROM "applications"[0m
  ↳ app/controllers/applications_controller.rb:8
Completed 200 OK in 11ms (Views: 10.0ms | ActiveRecord: 0.3ms)


Started GET "/chuck_fact" for ::1 at 2019-07-23 17:44:08 -0300
Processing by MessageController#chuck as */*
Completed 200 OK in 0ms (Views: 0.1ms | ActiveRecord: 0.0ms)


Started GET "/chuck_fact" for ::1 at 2019-07-23 17:45:29 -0300
Processing by MessageController#chuck as */*
Completed 200 OK in 0ms (Views: 0.2ms | ActiveRecord: 0.0ms)


Started GET "/chuck_fact" for ::1 at 2019-07-23 17:45:39 -0300
Processing by MessageController#chuck as */*
Completed 200 OK in 0ms (Views: 0.1ms | ActiveRecord: 0.0ms)


